2020-03-04 11:03:24,300 INFO o.a.j.u.JMeterUtils: Setting Locale to en_EN
2020-03-04 11:03:24,312 INFO o.a.j.JMeter: Loading user properties from: user.properties
2020-03-04 11:03:24,312 INFO o.a.j.JMeter: Loading system properties from: system.properties
2020-03-04 11:03:24,314 INFO o.a.j.JMeter: Copyright (c) 1998-2019 The Apache Software Foundation
2020-03-04 11:03:24,314 INFO o.a.j.JMeter: Version 5.2.1
2020-03-04 11:03:24,314 INFO o.a.j.JMeter: java.version=1.8.0_241
2020-03-04 11:03:24,315 INFO o.a.j.JMeter: java.vm.name=Java HotSpot(TM) 64-Bit Server VM
2020-03-04 11:03:24,315 INFO o.a.j.JMeter: os.name=Windows 10
2020-03-04 11:03:24,315 INFO o.a.j.JMeter: os.arch=amd64
2020-03-04 11:03:24,315 INFO o.a.j.JMeter: os.version=10.0
2020-03-04 11:03:24,315 INFO o.a.j.JMeter: file.encoding=Cp1251
2020-03-04 11:03:24,315 INFO o.a.j.JMeter: java.awt.headless=null
2020-03-04 11:03:24,315 INFO o.a.j.JMeter: Max memory     =1073741824
2020-03-04 11:03:24,315 INFO o.a.j.JMeter: Available Processors =4
2020-03-04 11:03:24,319 INFO o.a.j.JMeter: Default Locale=English (EN)
2020-03-04 11:03:24,319 INFO o.a.j.JMeter: JMeter  Locale=English (EN)
2020-03-04 11:03:24,319 INFO o.a.j.JMeter: JMeterHome=C:\LT\apache-jmeter-5.2.1
2020-03-04 11:03:24,319 INFO o.a.j.JMeter: user.dir  =C:\LT\apache-jmeter-5.2.1\bin
2020-03-04 11:03:24,320 INFO o.a.j.JMeter: PWD       =C:\LT\apache-jmeter-5.2.1\bin
2020-03-04 11:03:24,321 INFO o.a.j.JMeter: IP: 192.168.60.183 Name: pc485 FullName: 192.168.60.183
2020-03-04 11:03:24,456 INFO o.a.j.g.a.LookAndFeelCommand: Installing Darcula LAF
2020-03-04 11:03:24,469 INFO o.a.j.g.a.LookAndFeelCommand: Using look and feel: com.bulenkov.darcula.DarculaLaf [Darcula]
2020-03-04 11:03:24,469 INFO o.a.j.JMeter: Setting LAF to: com.bulenkov.darcula.DarculaLaf
2020-03-04 11:03:24,520 INFO o.a.j.JMeter: Loaded icon properties from org/apache/jmeter/images/icon.properties
2020-03-04 11:03:26,177 INFO o.a.j.p.h.s.HTTPSamplerBase: Parser for text/html is org.apache.jmeter.protocol.http.parser.LagartoBasedHtmlParser
2020-03-04 11:03:26,178 INFO o.a.j.p.h.s.HTTPSamplerBase: Parser for application/xhtml+xml is org.apache.jmeter.protocol.http.parser.LagartoBasedHtmlParser
2020-03-04 11:03:26,178 INFO o.a.j.p.h.s.HTTPSamplerBase: Parser for application/xml is org.apache.jmeter.protocol.http.parser.LagartoBasedHtmlParser
2020-03-04 11:03:26,178 INFO o.a.j.p.h.s.HTTPSamplerBase: Parser for text/xml is org.apache.jmeter.protocol.http.parser.LagartoBasedHtmlParser
2020-03-04 11:03:26,178 INFO o.a.j.p.h.s.HTTPSamplerBase: Parser for text/vnd.wap.wml is org.apache.jmeter.protocol.http.parser.RegexpHTMLParser
2020-03-04 11:03:26,179 INFO o.a.j.p.h.s.HTTPSamplerBase: Parser for text/css is org.apache.jmeter.protocol.http.parser.CssParser
2020-03-04 11:03:26,337 INFO o.a.j.e.KeyToolUtils: Exception checking for keytool existence, will return false, try another way.
2020-03-04 11:03:26,571 INFO o.a.j.e.KeyToolUtils: keytool found at 'C:\Program Files\Java\jre1.8.0_241\bin\keytool'
2020-03-04 11:03:26,572 INFO o.a.j.p.h.p.ProxyControl: HTTP(S) Test Script Recorder SSL Proxy will use keys that support embedded 3rd party resources in file C:\LT\apache-jmeter-5.2.1\bin\proxyserver.jks
2020-03-04 11:03:26,697 INFO o.a.j.s.FileServer: Default base='C:\LT\apache-jmeter-5.2.1\bin'
2020-03-04 11:03:27,173 INFO o.a.j.s.SampleResult: Note: Sample TimeStamps are START times
2020-03-04 11:03:27,173 INFO o.a.j.s.SampleResult: sampleresult.default.encoding is set to ISO-8859-1
2020-03-04 11:03:27,173 INFO o.a.j.s.SampleResult: sampleresult.useNanoTime=true
2020-03-04 11:03:27,173 INFO o.a.j.s.SampleResult: sampleresult.nanoThreadSleep=5000
2020-03-04 11:36:38,161 INFO o.a.j.p.h.c.HttpMirrorServer: Creating HttpMirror ... on port 8081
2020-03-04 11:36:38,164 INFO o.a.j.p.h.c.HttpMirrorServer: HttpMirror up and running!
2020-03-04 11:38:29,530 INFO o.a.j.p.h.c.HttpMirrorServer: HttpMirror Server stopped
2020-03-04 11:39:03,288 INFO o.a.j.e.u.CompoundVariable: Note: Function class names must contain the string: '.functions.'
2020-03-04 11:39:03,289 INFO o.a.j.e.u.CompoundVariable: Note: Function class names must not contain the string: '.gui.'
2020-03-04 11:39:03,544 INFO o.a.j.p.h.p.ProxyControl: Creating HTTP(S) Test Script Recorder Root CA in C:\LT\apache-jmeter-5.2.1\bin\proxyserver.jks, ensure you install certificate in your Browser for recording
2020-03-04 11:39:06,854 INFO o.a.j.p.h.p.ProxyControl: Created keystore in C:\LT\apache-jmeter-5.2.1\bin\proxyserver.jks
2020-03-04 11:39:06,869 INFO o.a.j.p.h.p.Daemon: Creating Daemon Socket on port: 8888
2020-03-04 11:39:06,870 INFO o.a.j.p.h.p.Daemon: Test Script Recorder up and running!
2020-03-04 11:39:41,481 INFO o.a.j.p.h.p.Proxy: Proxy will remove the headers: If-Modified-Since,If-None-Match,Host
2020-03-04 11:39:41,493 INFO o.a.j.p.h.s.HTTPHCAbstractImpl: Local host = pc485
2020-03-04 11:39:41,503 INFO o.a.j.p.h.s.HTTPHC4Impl: HTTP request retry count = 0
2020-03-04 11:39:42,503 INFO o.a.j.s.SampleEvent: List of sample_variables: []
2020-03-04 11:39:42,907 INFO o.a.j.p.h.p.ProxyControl: [54974]  Creating entry bam.nr-data.net in C:\LT\apache-jmeter-5.2.1\bin\proxyserver.jks
2020-03-04 11:39:45,523 INFO o.a.j.p.h.p.Proxy: [54974]  KeyStore for SSL loaded OK and put host 'bam.nr-data.net' in map with key (bam.nr-data.net)
2020-03-04 11:39:45,646 WARN o.a.j.p.h.p.Proxy: [54974]  Problem with SSL certificate for url  for 'bam.nr-data.net'? Ensure browser is set to accept the JMeter proxy cert: Software caused connection abort: recv failed
2020-03-04 11:39:51,767 INFO o.a.j.p.h.p.ProxyControl: [54983]  Creating entry profile.accounts.firefox.com in C:\LT\apache-jmeter-5.2.1\bin\proxyserver.jks
2020-03-04 11:39:53,808 INFO o.a.j.p.h.p.ProxyControl: [54985]  Creating entry api.accounts.firefox.com in C:\LT\apache-jmeter-5.2.1\bin\proxyserver.jks
2020-03-04 11:39:53,810 INFO o.a.j.p.h.p.Proxy: [54983]  KeyStore for SSL loaded OK and put host 'profile.accounts.firefox.com' in map with key (profile.accounts.firefox.com)
2020-03-04 11:39:53,837 WARN o.a.j.p.h.p.Proxy: [54983]  Problem with SSL certificate for url  for 'profile.accounts.firefox.com'? Ensure browser is set to accept the JMeter proxy cert: Received fatal alert: unknown_ca
2020-03-04 11:39:55,720 INFO o.a.j.p.h.p.ProxyControl: [54984]  Creating entry sync-581-us-west-2.sync.services.mozilla.com in C:\LT\apache-jmeter-5.2.1\bin\proxyserver.jks
2020-03-04 11:39:55,724 INFO o.a.j.p.h.p.Proxy: [54985]  KeyStore for SSL loaded OK and put host 'api.accounts.firefox.com' in map with key (api.accounts.firefox.com)
2020-03-04 11:39:55,743 WARN o.a.j.p.h.p.Proxy: [54985]  Problem with SSL certificate for url  for 'api.accounts.firefox.com'? Ensure browser is set to accept the JMeter proxy cert: Received fatal alert: unknown_ca
2020-03-04 11:39:57,849 INFO o.a.j.p.h.p.Proxy: [54984]  KeyStore for SSL loaded OK and put host 'sync-581-us-west-2.sync.services.mozilla.com' in map with key (sync-581-us-west-2.sync.services.mozilla.com)
2020-03-04 11:39:57,866 WARN o.a.j.p.h.p.Proxy: [54984]  Problem with SSL certificate for url  for 'sync-581-us-west-2.sync.services.mozilla.com'? Ensure browser is set to accept the JMeter proxy cert: Received fatal alert: unknown_ca
2020-03-04 11:39:57,899 WARN o.a.j.p.h.p.Proxy: [55000]  Problem with SSL certificate for url  for 'api.accounts.firefox.com'? Ensure browser is set to accept the JMeter proxy cert: Connection reset
2020-03-04 11:40:01,940 INFO o.a.j.p.h.p.Daemon: HTTP(S) Test Script Recorder stopped
2020-03-04 11:41:38,434 INFO o.a.j.p.h.p.ProxyControl: Valid alias found for :root_ca:
2020-03-04 11:41:38,434 INFO o.a.j.p.h.p.ProxyControl: Valid alias found for :intermediate_ca:
2020-03-04 11:41:38,434 INFO o.a.j.p.h.p.Daemon: Creating Daemon Socket on port: 8888
2020-03-04 11:41:38,434 INFO o.a.j.p.h.p.Daemon: Test Script Recorder up and running!
2020-03-04 11:42:01,807 WARN o.a.j.p.h.p.Proxy: [55031]  Problem with SSL certificate for url  for 'bam.nr-data.net'? Ensure browser is set to accept the JMeter proxy cert: Software caused connection abort: recv failed
2020-03-04 11:42:02,037 WARN o.a.j.p.h.p.Proxy: [55038]  Problem with SSL certificate for url  for 'bam.nr-data.net'? Ensure browser is set to accept the JMeter proxy cert: Software caused connection abort: recv failed
2020-03-04 11:42:09,120 INFO o.a.j.p.h.p.Daemon: HTTP(S) Test Script Recorder stopped
2020-03-04 11:43:15,449 INFO o.a.j.p.h.p.ProxyControl: Valid alias found for :root_ca:
2020-03-04 11:43:15,450 INFO o.a.j.p.h.p.ProxyControl: Valid alias found for :intermediate_ca:
2020-03-04 11:43:15,450 INFO o.a.j.p.h.p.Daemon: Creating Daemon Socket on port: 8888
2020-03-04 11:43:15,450 INFO o.a.j.p.h.p.Daemon: Test Script Recorder up and running!
2020-03-04 11:43:26,320 WARN o.a.j.p.h.p.Proxy: [55058]  Problem with SSL certificate for url  for 'bam.nr-data.net'? Ensure browser is set to accept the JMeter proxy cert: Software caused connection abort: recv failed
2020-03-04 11:43:26,747 WARN o.a.j.p.h.p.Proxy: [55065]  Problem with SSL certificate for url  for 'bam.nr-data.net'? Ensure browser is set to accept the JMeter proxy cert: Software caused connection abort: recv failed
2020-03-04 11:43:29,104 WARN o.a.j.p.h.p.Proxy: [55073]  Problem with SSL certificate for url  for 'bam.nr-data.net'? Ensure browser is set to accept the JMeter proxy cert: Received fatal alert: unknown_ca
2020-03-04 11:43:29,576 WARN o.a.j.p.h.p.Proxy: [55080]  Problem with SSL certificate for url  for 'bam.nr-data.net'? Ensure browser is set to accept the JMeter proxy cert: Received fatal alert: unknown_ca
2020-03-04 11:44:06,884 WARN o.a.j.p.h.p.Proxy: [55099]  Problem with SSL certificate for url  for 'bam.nr-data.net'? Ensure browser is set to accept the JMeter proxy cert: Software caused connection abort: recv failed
2020-03-04 11:44:07,364 WARN o.a.j.p.h.p.Proxy: [55106]  Problem with SSL certificate for url  for 'bam.nr-data.net'? Ensure browser is set to accept the JMeter proxy cert: Software caused connection abort: recv failed
2020-03-04 11:44:11,471 INFO o.a.j.p.h.p.Daemon: HTTP(S) Test Script Recorder stopped
2020-03-04 11:46:00,162 INFO o.a.j.s.FileServer: Set new base='C:\Users\user\Documents\Обучение JMeter'
2020-03-04 11:46:00,292 INFO o.a.j.s.SaveService: Testplan (JMX) version: 2.2. Testlog (JTL) version: 2.2
2020-03-04 11:46:00,303 INFO o.a.j.s.SaveService: Using SaveService properties file encoding UTF-8
2020-03-04 11:46:00,304 INFO o.a.j.s.SaveService: Using SaveService properties version 5.0
2020-03-04 11:46:22,660 INFO o.a.j.e.StandardJMeterEngine: Running the test!
2020-03-04 11:46:22,661 INFO o.a.j.s.SampleEvent: List of sample_variables: []
2020-03-04 11:46:22,668 INFO o.a.j.g.u.JMeterMenuBar: setRunning(true, *local*)
2020-03-04 11:46:22,791 INFO o.a.j.e.StandardJMeterEngine: Starting ThreadGroup: 1 : Thread Group
2020-03-04 11:46:22,792 INFO o.a.j.e.StandardJMeterEngine: Starting 1 threads for group Thread Group.
2020-03-04 11:46:22,792 INFO o.a.j.e.StandardJMeterEngine: Thread will continue on error
2020-03-04 11:46:22,792 INFO o.a.j.t.ThreadGroup: Starting thread group... number=1 threads=1 ramp-up=1 delayedStart=false
2020-03-04 11:46:22,804 INFO o.a.j.t.ThreadGroup: Started thread group number 1
2020-03-04 11:46:22,804 INFO o.a.j.e.StandardJMeterEngine: All thread groups have been started
2020-03-04 11:46:22,806 INFO o.a.j.t.JMeterThread: Thread started: Thread Group 1-1
2020-03-04 11:46:24,236 INFO o.a.j.t.JMeterThread: Thread is done: Thread Group 1-1
2020-03-04 11:46:24,236 INFO o.a.j.t.JMeterThread: Thread finished: Thread Group 1-1
2020-03-04 11:46:24,237 INFO o.a.j.e.StandardJMeterEngine: Notifying test listeners of end of test
2020-03-04 11:46:24,237 INFO o.a.j.g.u.JMeterMenuBar: setRunning(false, *local*)
2020-03-04 11:46:35,313 INFO o.a.j.e.StandardJMeterEngine: Running the test!
2020-03-04 11:46:35,315 INFO o.a.j.s.SampleEvent: List of sample_variables: []
2020-03-04 11:46:35,317 INFO o.a.j.g.u.JMeterMenuBar: setRunning(true, *local*)
2020-03-04 11:46:35,459 INFO o.a.j.e.StandardJMeterEngine: Starting ThreadGroup: 1 : Thread Group
2020-03-04 11:46:35,459 INFO o.a.j.e.StandardJMeterEngine: Starting 1 threads for group Thread Group.
2020-03-04 11:46:35,459 INFO o.a.j.e.StandardJMeterEngine: Thread will continue on error
2020-03-04 11:46:35,460 INFO o.a.j.t.ThreadGroup: Starting thread group... number=1 threads=1 ramp-up=1 delayedStart=false
2020-03-04 11:46:35,461 INFO o.a.j.t.ThreadGroup: Started thread group number 1
2020-03-04 11:46:35,461 INFO o.a.j.e.StandardJMeterEngine: All thread groups have been started
2020-03-04 11:46:35,462 INFO o.a.j.t.JMeterThread: Thread started: Thread Group 1-1
2020-03-04 11:46:36,213 INFO o.a.j.t.JMeterThread: Thread is done: Thread Group 1-1
2020-03-04 11:46:36,213 INFO o.a.j.t.JMeterThread: Thread finished: Thread Group 1-1
2020-03-04 11:46:36,214 INFO o.a.j.e.StandardJMeterEngine: Notifying test listeners of end of test
2020-03-04 11:46:36,214 INFO o.a.j.g.u.JMeterMenuBar: setRunning(false, *local*)
2020-03-04 11:48:25,870 INFO o.a.j.e.StandardJMeterEngine: Running the test!
2020-03-04 11:48:25,871 INFO o.a.j.s.SampleEvent: List of sample_variables: []
2020-03-04 11:48:25,873 INFO o.a.j.g.u.JMeterMenuBar: setRunning(true, *local*)
2020-03-04 11:48:26,014 INFO o.a.j.e.StandardJMeterEngine: Starting ThreadGroup: 1 : Thread Group
2020-03-04 11:48:26,014 INFO o.a.j.e.StandardJMeterEngine: Starting 1 threads for group Thread Group.
2020-03-04 11:48:26,014 INFO o.a.j.e.StandardJMeterEngine: Thread will continue on error
2020-03-04 11:48:26,014 INFO o.a.j.t.ThreadGroup: Starting thread group... number=1 threads=1 ramp-up=1 delayedStart=false
2020-03-04 11:48:26,015 INFO o.a.j.t.ThreadGroup: Started thread group number 1
2020-03-04 11:48:26,015 INFO o.a.j.e.StandardJMeterEngine: All thread groups have been started
2020-03-04 11:48:26,016 INFO o.a.j.t.JMeterThread: Thread started: Thread Group 1-1
2020-03-04 11:48:27,043 INFO o.a.j.t.JMeterThread: Thread is done: Thread Group 1-1
2020-03-04 11:48:27,043 INFO o.a.j.t.JMeterThread: Thread finished: Thread Group 1-1
2020-03-04 11:48:27,044 INFO o.a.j.e.StandardJMeterEngine: Notifying test listeners of end of test
2020-03-04 11:48:27,045 INFO o.a.j.g.u.JMeterMenuBar: setRunning(false, *local*)
2020-03-04 11:55:00,352 INFO o.a.j.e.StandardJMeterEngine: Running the test!
2020-03-04 11:55:00,353 INFO o.a.j.s.SampleEvent: List of sample_variables: []
2020-03-04 11:55:00,354 INFO o.a.j.g.u.JMeterMenuBar: setRunning(true, *local*)
2020-03-04 11:55:00,468 INFO o.a.j.e.StandardJMeterEngine: Starting ThreadGroup: 1 : Thread Group
2020-03-04 11:55:00,468 INFO o.a.j.e.StandardJMeterEngine: Starting 1 threads for group Thread Group.
2020-03-04 11:55:00,468 INFO o.a.j.e.StandardJMeterEngine: Thread will continue on error
2020-03-04 11:55:00,468 INFO o.a.j.t.ThreadGroup: Starting thread group... number=1 threads=1 ramp-up=1 delayedStart=false
2020-03-04 11:55:00,469 INFO o.a.j.t.ThreadGroup: Started thread group number 1
2020-03-04 11:55:00,469 INFO o.a.j.e.StandardJMeterEngine: All thread groups have been started
2020-03-04 11:55:00,469 INFO o.a.j.t.JMeterThread: Thread started: Thread Group 1-1
2020-03-04 11:55:02,283 INFO o.a.j.t.JMeterThread: Thread is done: Thread Group 1-1
2020-03-04 11:55:02,283 INFO o.a.j.t.JMeterThread: Thread finished: Thread Group 1-1
2020-03-04 11:55:02,284 INFO o.a.j.e.StandardJMeterEngine: Notifying test listeners of end of test
2020-03-04 11:55:02,284 INFO o.a.j.g.u.JMeterMenuBar: setRunning(false, *local*)
2020-03-04 11:55:46,470 INFO o.a.j.e.StandardJMeterEngine: Running the test!
2020-03-04 11:55:46,471 INFO o.a.j.s.SampleEvent: List of sample_variables: []
2020-03-04 11:55:46,471 INFO o.a.j.g.u.JMeterMenuBar: setRunning(true, *local*)
2020-03-04 11:55:46,609 INFO o.a.j.e.StandardJMeterEngine: Starting ThreadGroup: 1 : Thread Group
2020-03-04 11:55:46,610 INFO o.a.j.e.StandardJMeterEngine: Starting 1 threads for group Thread Group.
2020-03-04 11:55:46,610 INFO o.a.j.e.StandardJMeterEngine: Thread will continue on error
2020-03-04 11:55:46,610 INFO o.a.j.t.ThreadGroup: Starting thread group... number=1 threads=1 ramp-up=1 delayedStart=false
2020-03-04 11:55:46,611 INFO o.a.j.t.ThreadGroup: Started thread group number 1
2020-03-04 11:55:46,611 INFO o.a.j.e.StandardJMeterEngine: All thread groups have been started
2020-03-04 11:55:46,612 INFO o.a.j.t.JMeterThread: Thread started: Thread Group 1-1
2020-03-04 11:55:46,950 INFO o.a.j.t.JMeterThread: Thread is done: Thread Group 1-1
2020-03-04 11:55:46,950 INFO o.a.j.t.JMeterThread: Thread finished: Thread Group 1-1
2020-03-04 11:55:46,951 INFO o.a.j.e.StandardJMeterEngine: Notifying test listeners of end of test
2020-03-04 11:55:46,951 INFO o.a.j.g.u.JMeterMenuBar: setRunning(false, *local*)
2020-03-04 11:58:53,551 INFO o.a.j.e.StandardJMeterEngine: Running the test!
2020-03-04 11:58:53,551 INFO o.a.j.s.SampleEvent: List of sample_variables: []
2020-03-04 11:58:53,552 INFO o.a.j.g.u.JMeterMenuBar: setRunning(true, *local*)
2020-03-04 11:58:53,713 INFO o.a.j.e.StandardJMeterEngine: Starting ThreadGroup: 1 : Thread Group
2020-03-04 11:58:53,714 INFO o.a.j.e.StandardJMeterEngine: Starting 1 threads for group Thread Group.
2020-03-04 11:58:53,714 INFO o.a.j.e.StandardJMeterEngine: Thread will continue on error
2020-03-04 11:58:53,714 INFO o.a.j.t.ThreadGroup: Starting thread group... number=1 threads=1 ramp-up=1 delayedStart=false
2020-03-04 11:58:53,715 INFO o.a.j.t.ThreadGroup: Started thread group number 1
2020-03-04 11:58:53,716 INFO o.a.j.e.StandardJMeterEngine: All thread groups have been started
2020-03-04 11:58:53,717 INFO o.a.j.t.JMeterThread: Thread started: Thread Group 1-1
2020-03-04 11:58:54,249 INFO o.a.j.t.JMeterThread: Thread is done: Thread Group 1-1
2020-03-04 11:58:54,249 INFO o.a.j.t.JMeterThread: Thread finished: Thread Group 1-1
2020-03-04 11:58:54,250 INFO o.a.j.e.StandardJMeterEngine: Notifying test listeners of end of test
2020-03-04 11:58:54,250 INFO o.a.j.g.u.JMeterMenuBar: setRunning(false, *local*)
2020-03-04 12:16:09,190 INFO o.a.j.e.StandardJMeterEngine: Running the test!
2020-03-04 12:16:09,190 INFO o.a.j.s.SampleEvent: List of sample_variables: []
2020-03-04 12:16:09,194 INFO o.a.j.g.u.JMeterMenuBar: setRunning(true, *local*)
2020-03-04 12:16:09,215 INFO o.a.j.e.StandardJMeterEngine: Starting ThreadGroup: 1 : Thread Group
2020-03-04 12:16:09,215 INFO o.a.j.e.StandardJMeterEngine: Starting 3 threads for group Thread Group.
2020-03-04 12:16:09,215 INFO o.a.j.e.StandardJMeterEngine: Thread will continue on error
2020-03-04 12:16:09,216 INFO o.a.j.t.ThreadGroup: Starting thread group... number=1 threads=3 ramp-up=1 delayedStart=false
2020-03-04 12:16:09,220 INFO o.a.j.t.ThreadGroup: Started thread group number 1
2020-03-04 12:16:09,220 INFO o.a.j.e.StandardJMeterEngine: All thread groups have been started
2020-03-04 12:16:09,221 INFO o.a.j.t.JMeterThread: Thread started: Thread Group 1-1
2020-03-04 12:16:09,222 INFO o.a.j.s.FileServer: Stored: C:/Users/user/Documents/Обучение JMeter/FromToPorts.csv
2020-03-04 12:16:09,551 INFO o.a.j.t.JMeterThread: Thread started: Thread Group 1-2
2020-03-04 12:16:09,887 INFO o.a.j.t.JMeterThread: Thread started: Thread Group 1-3
2020-03-04 12:16:09,958 INFO o.a.j.t.JMeterThread: Thread is done: Thread Group 1-2
2020-03-04 12:16:09,958 INFO o.a.j.t.JMeterThread: Thread finished: Thread Group 1-2
2020-03-04 12:16:09,959 INFO o.a.j.t.JMeterThread: Thread is done: Thread Group 1-1
2020-03-04 12:16:09,959 INFO o.a.j.t.JMeterThread: Thread finished: Thread Group 1-1
2020-03-04 12:16:10,241 INFO o.a.j.t.JMeterThread: Thread is done: Thread Group 1-3
2020-03-04 12:16:10,241 INFO o.a.j.t.JMeterThread: Thread finished: Thread Group 1-3
2020-03-04 12:16:10,241 INFO o.a.j.e.StandardJMeterEngine: Notifying test listeners of end of test
2020-03-04 12:16:10,241 INFO o.a.j.s.FileServer: Close: C:/Users/user/Documents/Обучение JMeter/FromToPorts.csv
2020-03-04 12:16:10,242 INFO o.a.j.g.u.JMeterMenuBar: setRunning(false, *local*)
2020-03-04 12:18:02,394 INFO o.a.j.e.StandardJMeterEngine: Running the test!
2020-03-04 12:18:02,395 INFO o.a.j.s.SampleEvent: List of sample_variables: []
2020-03-04 12:18:02,396 INFO o.a.j.g.u.JMeterMenuBar: setRunning(true, *local*)
2020-03-04 12:18:02,536 INFO o.a.j.e.StandardJMeterEngine: Starting ThreadGroup: 1 : Thread Group
2020-03-04 12:18:02,537 INFO o.a.j.e.StandardJMeterEngine: Starting 3 threads for group Thread Group.
2020-03-04 12:18:02,537 INFO o.a.j.e.StandardJMeterEngine: Thread will continue on error
2020-03-04 12:18:02,537 INFO o.a.j.t.ThreadGroup: Starting thread group... number=1 threads=3 ramp-up=1 delayedStart=false
2020-03-04 12:18:02,538 INFO o.a.j.t.ThreadGroup: Started thread group number 1
2020-03-04 12:18:02,538 INFO o.a.j.e.StandardJMeterEngine: All thread groups have been started
2020-03-04 12:18:02,539 INFO o.a.j.t.JMeterThread: Thread started: Thread Group 1-1
2020-03-04 12:18:02,540 INFO o.a.j.s.FileServer: Stored: C:/Users/user/Documents/Обучение JMeter/FromToPorts.csv
2020-03-04 12:18:02,873 INFO o.a.j.t.JMeterThread: Thread started: Thread Group 1-2
2020-03-04 12:18:03,205 INFO o.a.j.t.JMeterThread: Thread started: Thread Group 1-3
2020-03-04 12:18:03,274 INFO o.a.j.t.JMeterThread: Thread is done: Thread Group 1-1
2020-03-04 12:18:03,274 INFO o.a.j.t.JMeterThread: Thread finished: Thread Group 1-1
2020-03-04 12:18:03,294 INFO o.a.j.t.JMeterThread: Thread is done: Thread Group 1-2
2020-03-04 12:18:03,294 INFO o.a.j.t.JMeterThread: Thread finished: Thread Group 1-2
2020-03-04 12:18:03,549 INFO o.a.j.t.JMeterThread: Thread is done: Thread Group 1-3
2020-03-04 12:18:03,549 INFO o.a.j.t.JMeterThread: Thread finished: Thread Group 1-3
2020-03-04 12:18:03,549 INFO o.a.j.e.StandardJMeterEngine: Notifying test listeners of end of test
2020-03-04 12:18:03,550 INFO o.a.j.s.FileServer: Close: C:/Users/user/Documents/Обучение JMeter/FromToPorts.csv
2020-03-04 12:18:03,550 INFO o.a.j.g.u.JMeterMenuBar: setRunning(false, *local*)
2020-03-04 12:20:31,164 INFO o.a.j.e.StandardJMeterEngine: Running the test!
2020-03-04 12:20:31,164 INFO o.a.j.s.SampleEvent: List of sample_variables: []
2020-03-04 12:20:31,165 INFO o.a.j.g.u.JMeterMenuBar: setRunning(true, *local*)
2020-03-04 12:20:31,301 INFO o.a.j.e.StandardJMeterEngine: Starting ThreadGroup: 1 : Thread Group
2020-03-04 12:20:31,301 INFO o.a.j.e.StandardJMeterEngine: Starting 1 threads for group Thread Group.
2020-03-04 12:20:31,301 INFO o.a.j.e.StandardJMeterEngine: Thread will continue on error
2020-03-04 12:20:31,301 INFO o.a.j.t.ThreadGroup: Starting thread group... number=1 threads=1 ramp-up=1 delayedStart=false
2020-03-04 12:20:31,302 INFO o.a.j.t.ThreadGroup: Started thread group number 1
2020-03-04 12:20:31,302 INFO o.a.j.e.StandardJMeterEngine: All thread groups have been started
2020-03-04 12:20:31,303 INFO o.a.j.t.JMeterThread: Thread started: Thread Group 1-1
2020-03-04 12:20:31,304 INFO o.a.j.s.FileServer: Stored: C:/Users/user/Documents/Обучение JMeter/FromToPorts.csv
2020-03-04 12:20:31,818 INFO o.a.j.t.JMeterThread: Thread is done: Thread Group 1-1
2020-03-04 12:20:31,818 INFO o.a.j.t.JMeterThread: Thread finished: Thread Group 1-1
2020-03-04 12:20:31,819 INFO o.a.j.e.StandardJMeterEngine: Notifying test listeners of end of test
2020-03-04 12:20:31,820 INFO o.a.j.s.FileServer: Close: C:/Users/user/Documents/Обучение JMeter/FromToPorts.csv
2020-03-04 12:20:31,821 INFO o.a.j.g.u.JMeterMenuBar: setRunning(false, *local*)
2020-03-04 12:20:36,556 INFO o.a.j.e.StandardJMeterEngine: Running the test!
2020-03-04 12:20:36,557 INFO o.a.j.s.SampleEvent: List of sample_variables: []
2020-03-04 12:20:36,560 INFO o.a.j.g.u.JMeterMenuBar: setRunning(true, *local*)
2020-03-04 12:20:36,663 INFO o.a.j.e.StandardJMeterEngine: Starting ThreadGroup: 1 : Thread Group
2020-03-04 12:20:36,663 INFO o.a.j.e.StandardJMeterEngine: Starting 1 threads for group Thread Group.
2020-03-04 12:20:36,663 INFO o.a.j.e.StandardJMeterEngine: Thread will continue on error
2020-03-04 12:20:36,663 INFO o.a.j.t.ThreadGroup: Starting thread group... number=1 threads=1 ramp-up=1 delayedStart=false
2020-03-04 12:20:36,665 INFO o.a.j.t.ThreadGroup: Started thread group number 1
2020-03-04 12:20:36,666 INFO o.a.j.e.StandardJMeterEngine: All thread groups have been started
2020-03-04 12:20:36,667 INFO o.a.j.t.JMeterThread: Thread started: Thread Group 1-1
2020-03-04 12:20:36,668 INFO o.a.j.s.FileServer: Stored: C:/Users/user/Documents/Обучение JMeter/FromToPorts.csv
2020-03-04 12:20:36,983 INFO o.a.j.t.JMeterThread: Thread is done: Thread Group 1-1
2020-03-04 12:20:36,983 INFO o.a.j.t.JMeterThread: Thread finished: Thread Group 1-1
2020-03-04 12:20:36,983 INFO o.a.j.e.StandardJMeterEngine: Notifying test listeners of end of test
2020-03-04 12:20:36,984 INFO o.a.j.s.FileServer: Close: C:/Users/user/Documents/Обучение JMeter/FromToPorts.csv
2020-03-04 12:20:36,984 INFO o.a.j.g.u.JMeterMenuBar: setRunning(false, *local*)
2020-03-04 12:22:51,778 INFO o.a.j.e.StandardJMeterEngine: Running the test!
2020-03-04 12:22:51,779 INFO o.a.j.s.SampleEvent: List of sample_variables: []
2020-03-04 12:22:51,779 INFO o.a.j.g.u.JMeterMenuBar: setRunning(true, *local*)
2020-03-04 12:22:51,899 INFO o.a.j.e.StandardJMeterEngine: Starting ThreadGroup: 1 : Thread Group
2020-03-04 12:22:51,899 INFO o.a.j.e.StandardJMeterEngine: Starting 1 threads for group Thread Group.
2020-03-04 12:22:51,899 INFO o.a.j.e.StandardJMeterEngine: Thread will continue on error
2020-03-04 12:22:51,899 INFO o.a.j.t.ThreadGroup: Starting thread group... number=1 threads=1 ramp-up=1 delayedStart=false
2020-03-04 12:22:51,900 INFO o.a.j.t.ThreadGroup: Started thread group number 1
2020-03-04 12:22:51,900 INFO o.a.j.e.StandardJMeterEngine: All thread groups have been started
2020-03-04 12:22:51,900 INFO o.a.j.t.JMeterThread: Thread started: Thread Group 1-1
2020-03-04 12:22:51,901 INFO o.a.j.s.FileServer: Stored: C:/Users/user/Documents/Обучение JMeter/FromToPorts.csv
2020-03-04 12:22:52,643 INFO o.a.j.t.JMeterThread: Thread is done: Thread Group 1-1
2020-03-04 12:22:52,643 INFO o.a.j.t.JMeterThread: Thread finished: Thread Group 1-1
2020-03-04 12:22:52,644 INFO o.a.j.e.StandardJMeterEngine: Notifying test listeners of end of test
2020-03-04 12:22:52,644 INFO o.a.j.s.FileServer: Close: C:/Users/user/Documents/Обучение JMeter/FromToPorts.csv
2020-03-04 12:22:52,644 INFO o.a.j.g.u.JMeterMenuBar: setRunning(false, *local*)
2020-03-04 13:25:52,753 INFO o.a.j.e.StandardJMeterEngine: Running the test!
2020-03-04 13:25:52,754 INFO o.a.j.s.SampleEvent: List of sample_variables: []
2020-03-04 13:25:52,754 INFO o.a.j.g.u.JMeterMenuBar: setRunning(true, *local*)
2020-03-04 13:25:52,952 INFO o.a.j.e.StandardJMeterEngine: Starting ThreadGroup: 1 : Thread Group
2020-03-04 13:25:52,952 INFO o.a.j.e.StandardJMeterEngine: Starting 1 threads for group Thread Group.
2020-03-04 13:25:52,953 INFO o.a.j.e.StandardJMeterEngine: Thread will continue on error
2020-03-04 13:25:52,953 INFO o.a.j.t.ThreadGroup: Starting thread group... number=1 threads=1 ramp-up=1 delayedStart=false
2020-03-04 13:25:52,954 INFO o.a.j.t.ThreadGroup: Started thread group number 1
2020-03-04 13:25:52,954 INFO o.a.j.e.StandardJMeterEngine: All thread groups have been started
2020-03-04 13:25:52,954 INFO o.a.j.t.JMeterThread: Thread started: Thread Group 1-1
2020-03-04 13:25:52,955 INFO o.a.j.s.FileServer: Stored: C:/Users/user/Documents/Обучение JMeter/FromToPorts.csv
2020-03-04 13:25:53,827 WARN o.a.j.e.XPath2Extractor: Exception while processing '/html/body/div[3]/form/select[1]', message:org.xml.sax.SAXParseException; lineNumber: 1; columnNumber: 3; The markup in the document preceding the root element must be well-formed.
2020-03-04 13:25:54,039 INFO o.a.j.t.JMeterThread: Thread is done: Thread Group 1-1
2020-03-04 13:25:54,039 INFO o.a.j.t.JMeterThread: Thread finished: Thread Group 1-1
2020-03-04 13:25:54,039 INFO o.a.j.e.StandardJMeterEngine: Notifying test listeners of end of test
2020-03-04 13:25:54,039 INFO o.a.j.s.FileServer: Close: C:/Users/user/Documents/Обучение JMeter/FromToPorts.csv
2020-03-04 13:25:54,040 INFO o.a.j.g.u.JMeterMenuBar: setRunning(false, *local*)
2020-03-04 13:25:56,584 INFO o.a.j.e.StandardJMeterEngine: Running the test!
2020-03-04 13:25:56,584 INFO o.a.j.s.SampleEvent: List of sample_variables: []
2020-03-04 13:25:56,585 INFO o.a.j.g.u.JMeterMenuBar: setRunning(true, *local*)
2020-03-04 13:25:56,593 INFO o.a.j.e.StandardJMeterEngine: Starting ThreadGroup: 1 : Thread Group
2020-03-04 13:25:56,593 INFO o.a.j.e.StandardJMeterEngine: Starting 1 threads for group Thread Group.
2020-03-04 13:25:56,593 INFO o.a.j.e.StandardJMeterEngine: Thread will continue on error
2020-03-04 13:25:56,593 INFO o.a.j.t.ThreadGroup: Starting thread group... number=1 threads=1 ramp-up=1 delayedStart=false
2020-03-04 13:25:56,593 INFO o.a.j.t.ThreadGroup: Started thread group number 1
2020-03-04 13:25:56,593 INFO o.a.j.e.StandardJMeterEngine: All thread groups have been started
2020-03-04 13:25:56,596 INFO o.a.j.t.JMeterThread: Thread started: Thread Group 1-1
2020-03-04 13:25:56,598 INFO o.a.j.s.FileServer: Stored: C:/Users/user/Documents/Обучение JMeter/FromToPorts.csv
2020-03-04 13:25:56,717 WARN o.a.j.e.XPath2Extractor: Exception while processing '/html/body/div[3]/form/select[1]', message:org.xml.sax.SAXParseException; lineNumber: 1; columnNumber: 3; The markup in the document preceding the root element must be well-formed.
2020-03-04 13:25:56,912 INFO o.a.j.t.JMeterThread: Thread is done: Thread Group 1-1
2020-03-04 13:25:56,912 INFO o.a.j.t.JMeterThread: Thread finished: Thread Group 1-1
2020-03-04 13:25:56,912 INFO o.a.j.e.StandardJMeterEngine: Notifying test listeners of end of test
2020-03-04 13:25:56,913 INFO o.a.j.s.FileServer: Close: C:/Users/user/Documents/Обучение JMeter/FromToPorts.csv
2020-03-04 13:25:56,913 INFO o.a.j.g.u.JMeterMenuBar: setRunning(false, *local*)
2020-03-04 13:30:17,994 INFO o.a.j.e.StandardJMeterEngine: Running the test!
2020-03-04 13:30:17,994 INFO o.a.j.s.SampleEvent: List of sample_variables: []
2020-03-04 13:30:17,995 INFO o.a.j.g.u.JMeterMenuBar: setRunning(true, *local*)
2020-03-04 13:30:18,005 INFO o.a.j.e.StandardJMeterEngine: Starting ThreadGroup: 1 : Thread Group
2020-03-04 13:30:18,006 INFO o.a.j.e.StandardJMeterEngine: Starting 1 threads for group Thread Group.
2020-03-04 13:30:18,006 INFO o.a.j.e.StandardJMeterEngine: Thread will continue on error
2020-03-04 13:30:18,006 INFO o.a.j.t.ThreadGroup: Starting thread group... number=1 threads=1 ramp-up=1 delayedStart=false
2020-03-04 13:30:18,006 INFO o.a.j.t.ThreadGroup: Started thread group number 1
2020-03-04 13:30:18,007 INFO o.a.j.e.StandardJMeterEngine: All thread groups have been started
2020-03-04 13:30:18,007 INFO o.a.j.t.JMeterThread: Thread started: Thread Group 1-1
2020-03-04 13:30:18,007 INFO o.a.j.s.FileServer: Stored: C:/Users/user/Documents/Обучение JMeter/FromToPorts.csv
2020-03-04 13:30:18,640 WARN o.a.j.e.XPath2Extractor: Exception while processing '/html/body/div[3]/form/select[1]', message:org.xml.sax.SAXParseException; lineNumber: 1; columnNumber: 3; The markup in the document preceding the root element must be well-formed.
2020-03-04 13:30:18,840 INFO o.a.j.t.JMeterThread: Thread is done: Thread Group 1-1
2020-03-04 13:30:18,840 INFO o.a.j.t.JMeterThread: Thread finished: Thread Group 1-1
2020-03-04 13:30:18,841 INFO o.a.j.e.StandardJMeterEngine: Notifying test listeners of end of test
2020-03-04 13:30:18,842 INFO o.a.j.s.FileServer: Close: C:/Users/user/Documents/Обучение JMeter/FromToPorts.csv
2020-03-04 13:30:18,843 INFO o.a.j.g.u.JMeterMenuBar: setRunning(false, *local*)
2020-03-04 13:30:51,633 INFO o.a.j.e.StandardJMeterEngine: Running the test!
2020-03-04 13:30:51,633 INFO o.a.j.s.SampleEvent: List of sample_variables: []
2020-03-04 13:30:51,634 INFO o.a.j.g.u.JMeterMenuBar: setRunning(true, *local*)
2020-03-04 13:30:51,644 INFO o.a.j.e.StandardJMeterEngine: Starting ThreadGroup: 1 : Thread Group
2020-03-04 13:30:51,644 INFO o.a.j.e.StandardJMeterEngine: Starting 1 threads for group Thread Group.
2020-03-04 13:30:51,644 INFO o.a.j.e.StandardJMeterEngine: Thread will continue on error
2020-03-04 13:30:51,644 INFO o.a.j.t.ThreadGroup: Starting thread group... number=1 threads=1 ramp-up=1 delayedStart=false
2020-03-04 13:30:51,644 INFO o.a.j.t.ThreadGroup: Started thread group number 1
2020-03-04 13:30:51,644 INFO o.a.j.e.StandardJMeterEngine: All thread groups have been started
2020-03-04 13:30:51,645 INFO o.a.j.t.JMeterThread: Thread started: Thread Group 1-1
2020-03-04 13:30:51,775 WARN o.a.j.e.XPath2Extractor: Exception while processing '/html/body/div[3]/form/select[1]', message:org.xml.sax.SAXParseException; lineNumber: 1; columnNumber: 3; The markup in the document preceding the root element must be well-formed.
2020-03-04 13:30:51,994 INFO o.a.j.t.JMeterThread: Thread is done: Thread Group 1-1
2020-03-04 13:30:51,994 INFO o.a.j.t.JMeterThread: Thread finished: Thread Group 1-1
2020-03-04 13:30:51,994 INFO o.a.j.e.StandardJMeterEngine: Notifying test listeners of end of test
2020-03-04 13:30:51,994 INFO o.a.j.g.u.JMeterMenuBar: setRunning(false, *local*)
2020-03-04 13:34:58,674 INFO o.a.j.e.StandardJMeterEngine: Running the test!
2020-03-04 13:34:58,675 INFO o.a.j.s.SampleEvent: List of sample_variables: []
2020-03-04 13:34:58,675 INFO o.a.j.g.u.JMeterMenuBar: setRunning(true, *local*)
2020-03-04 13:34:58,833 INFO o.a.j.e.StandardJMeterEngine: Starting ThreadGroup: 1 : Thread Group
2020-03-04 13:34:58,833 INFO o.a.j.e.StandardJMeterEngine: Starting 1 threads for group Thread Group.
2020-03-04 13:34:58,833 INFO o.a.j.e.StandardJMeterEngine: Thread will continue on error
2020-03-04 13:34:58,833 INFO o.a.j.t.ThreadGroup: Starting thread group... number=1 threads=1 ramp-up=1 delayedStart=false
2020-03-04 13:34:58,834 INFO o.a.j.t.ThreadGroup: Started thread group number 1
2020-03-04 13:34:58,834 INFO o.a.j.e.StandardJMeterEngine: All thread groups have been started
2020-03-04 13:34:58,835 INFO o.a.j.t.JMeterThread: Thread started: Thread Group 1-1
2020-03-04 13:34:59,541 INFO o.a.j.t.JMeterThread: Thread is done: Thread Group 1-1
2020-03-04 13:34:59,541 INFO o.a.j.t.JMeterThread: Thread finished: Thread Group 1-1
2020-03-04 13:34:59,542 INFO o.a.j.e.StandardJMeterEngine: Notifying test listeners of end of test
2020-03-04 13:34:59,542 INFO o.a.j.g.u.JMeterMenuBar: setRunning(false, *local*)
2020-03-04 13:35:57,003 INFO o.a.j.e.StandardJMeterEngine: Running the test!
2020-03-04 13:35:57,003 INFO o.a.j.s.SampleEvent: List of sample_variables: []
2020-03-04 13:35:57,004 INFO o.a.j.g.u.JMeterMenuBar: setRunning(true, *local*)
2020-03-04 13:35:57,141 INFO o.a.j.e.StandardJMeterEngine: Starting ThreadGroup: 1 : Thread Group
2020-03-04 13:35:57,141 INFO o.a.j.e.StandardJMeterEngine: Starting 1 threads for group Thread Group.
2020-03-04 13:35:57,141 INFO o.a.j.e.StandardJMeterEngine: Thread will continue on error
2020-03-04 13:35:57,141 INFO o.a.j.t.ThreadGroup: Starting thread group... number=1 threads=1 ramp-up=1 delayedStart=false
2020-03-04 13:35:57,142 INFO o.a.j.t.ThreadGroup: Started thread group number 1
2020-03-04 13:35:57,142 INFO o.a.j.e.StandardJMeterEngine: All thread groups have been started
2020-03-04 13:35:57,143 INFO o.a.j.t.JMeterThread: Thread started: Thread Group 1-1
2020-03-04 13:35:57,467 INFO o.a.j.t.JMeterThread: Thread is done: Thread Group 1-1
2020-03-04 13:35:57,467 INFO o.a.j.t.JMeterThread: Thread finished: Thread Group 1-1
2020-03-04 13:35:57,468 INFO o.a.j.e.StandardJMeterEngine: Notifying test listeners of end of test
2020-03-04 13:35:57,468 INFO o.a.j.g.u.JMeterMenuBar: setRunning(false, *local*)
2020-03-04 13:36:16,321 INFO o.a.j.e.StandardJMeterEngine: Running the test!
2020-03-04 13:36:16,321 INFO o.a.j.s.SampleEvent: List of sample_variables: []
2020-03-04 13:36:16,322 INFO o.a.j.g.u.JMeterMenuBar: setRunning(true, *local*)
2020-03-04 13:36:16,437 INFO o.a.j.e.StandardJMeterEngine: Starting ThreadGroup: 1 : Thread Group
2020-03-04 13:36:16,437 INFO o.a.j.e.StandardJMeterEngine: Starting 1 threads for group Thread Group.
2020-03-04 13:36:16,437 INFO o.a.j.e.StandardJMeterEngine: Thread will continue on error
2020-03-04 13:36:16,437 INFO o.a.j.t.ThreadGroup: Starting thread group... number=1 threads=1 ramp-up=1 delayedStart=false
2020-03-04 13:36:16,438 INFO o.a.j.t.ThreadGroup: Started thread group number 1
2020-03-04 13:36:16,438 INFO o.a.j.e.StandardJMeterEngine: All thread groups have been started
2020-03-04 13:36:16,438 INFO o.a.j.t.JMeterThread: Thread started: Thread Group 1-1
2020-03-04 13:36:16,771 INFO o.a.j.t.JMeterThread: Thread is done: Thread Group 1-1
2020-03-04 13:36:16,771 INFO o.a.j.t.JMeterThread: Thread finished: Thread Group 1-1
2020-03-04 13:36:16,772 INFO o.a.j.e.StandardJMeterEngine: Notifying test listeners of end of test
2020-03-04 13:36:16,772 INFO o.a.j.g.u.JMeterMenuBar: setRunning(false, *local*)
2020-03-04 13:36:38,073 INFO o.a.j.e.StandardJMeterEngine: Running the test!
2020-03-04 13:36:38,073 INFO o.a.j.s.SampleEvent: List of sample_variables: []
2020-03-04 13:36:38,074 INFO o.a.j.g.u.JMeterMenuBar: setRunning(true, *local*)
2020-03-04 13:36:38,077 INFO o.a.j.e.StandardJMeterEngine: Starting ThreadGroup: 1 : Thread Group
2020-03-04 13:36:38,077 INFO o.a.j.e.StandardJMeterEngine: Starting 1 threads for group Thread Group.
2020-03-04 13:36:38,078 INFO o.a.j.e.StandardJMeterEngine: Thread will continue on error
2020-03-04 13:36:38,078 INFO o.a.j.t.ThreadGroup: Starting thread group... number=1 threads=1 ramp-up=1 delayedStart=false
2020-03-04 13:36:38,078 INFO o.a.j.t.ThreadGroup: Started thread group number 1
2020-03-04 13:36:38,078 INFO o.a.j.e.StandardJMeterEngine: All thread groups have been started
2020-03-04 13:36:38,078 INFO o.a.j.t.JMeterThread: Thread started: Thread Group 1-1
2020-03-04 13:36:38,573 WARN o.a.j.e.XPath2Extractor: Exception while processing '/html/body/div[3]/form/select[1]/option', message:org.xml.sax.SAXParseException; lineNumber: 1; columnNumber: 3; The markup in the document preceding the root element must be well-formed.
2020-03-04 13:36:38,807 INFO o.a.j.t.JMeterThread: Thread is done: Thread Group 1-1
2020-03-04 13:36:38,808 INFO o.a.j.t.JMeterThread: Thread finished: Thread Group 1-1
2020-03-04 13:36:38,809 INFO o.a.j.e.StandardJMeterEngine: Notifying test listeners of end of test
2020-03-04 13:36:38,809 INFO o.a.j.g.u.JMeterMenuBar: setRunning(false, *local*)
2020-03-04 13:36:54,489 INFO o.a.j.e.StandardJMeterEngine: Running the test!
2020-03-04 13:36:54,489 INFO o.a.j.s.SampleEvent: List of sample_variables: []
2020-03-04 13:36:54,490 INFO o.a.j.g.u.JMeterMenuBar: setRunning(true, *local*)
2020-03-04 13:36:54,611 INFO o.a.j.e.StandardJMeterEngine: Starting ThreadGroup: 1 : Thread Group
2020-03-04 13:36:54,611 INFO o.a.j.e.StandardJMeterEngine: Starting 1 threads for group Thread Group.
2020-03-04 13:36:54,611 INFO o.a.j.e.StandardJMeterEngine: Thread will continue on error
2020-03-04 13:36:54,611 INFO o.a.j.t.ThreadGroup: Starting thread group... number=1 threads=1 ramp-up=1 delayedStart=false
2020-03-04 13:36:54,612 INFO o.a.j.t.ThreadGroup: Started thread group number 1
2020-03-04 13:36:54,612 INFO o.a.j.e.StandardJMeterEngine: All thread groups have been started
2020-03-04 13:36:54,612 INFO o.a.j.t.JMeterThread: Thread started: Thread Group 1-1
2020-03-04 13:36:54,953 INFO o.a.j.t.JMeterThread: Thread is done: Thread Group 1-1
2020-03-04 13:36:54,953 INFO o.a.j.t.JMeterThread: Thread finished: Thread Group 1-1
2020-03-04 13:36:54,953 INFO o.a.j.e.StandardJMeterEngine: Notifying test listeners of end of test
2020-03-04 13:36:54,953 INFO o.a.j.g.u.JMeterMenuBar: setRunning(false, *local*)
2020-03-04 13:37:14,745 INFO o.a.j.e.StandardJMeterEngine: Running the test!
2020-03-04 13:37:14,745 INFO o.a.j.s.SampleEvent: List of sample_variables: []
2020-03-04 13:37:14,745 INFO o.a.j.g.u.JMeterMenuBar: setRunning(true, *local*)
2020-03-04 13:37:14,866 INFO o.a.j.e.StandardJMeterEngine: Starting ThreadGroup: 1 : Thread Group
2020-03-04 13:37:14,866 INFO o.a.j.e.StandardJMeterEngine: Starting 1 threads for group Thread Group.
2020-03-04 13:37:14,866 INFO o.a.j.e.StandardJMeterEngine: Thread will continue on error
2020-03-04 13:37:14,866 INFO o.a.j.t.ThreadGroup: Starting thread group... number=1 threads=1 ramp-up=1 delayedStart=false
2020-03-04 13:37:14,867 INFO o.a.j.t.ThreadGroup: Started thread group number 1
2020-03-04 13:37:14,867 INFO o.a.j.e.StandardJMeterEngine: All thread groups have been started
2020-03-04 13:37:14,867 INFO o.a.j.t.JMeterThread: Thread started: Thread Group 1-1
2020-03-04 13:37:15,217 INFO o.a.j.t.JMeterThread: Thread is done: Thread Group 1-1
2020-03-04 13:37:15,217 INFO o.a.j.t.JMeterThread: Thread finished: Thread Group 1-1
2020-03-04 13:37:15,218 INFO o.a.j.e.StandardJMeterEngine: Notifying test listeners of end of test
2020-03-04 13:37:15,218 INFO o.a.j.g.u.JMeterMenuBar: setRunning(false, *local*)
2020-03-04 13:37:19,750 INFO o.a.j.e.StandardJMeterEngine: Running the test!
2020-03-04 13:37:19,751 INFO o.a.j.s.SampleEvent: List of sample_variables: []
2020-03-04 13:37:19,751 INFO o.a.j.g.u.JMeterMenuBar: setRunning(true, *local*)
2020-03-04 13:37:19,754 INFO o.a.j.e.StandardJMeterEngine: Starting ThreadGroup: 1 : Thread Group
2020-03-04 13:37:19,754 INFO o.a.j.e.StandardJMeterEngine: Starting 1 threads for group Thread Group.
2020-03-04 13:37:19,754 INFO o.a.j.e.StandardJMeterEngine: Thread will continue on error
2020-03-04 13:37:19,755 INFO o.a.j.t.ThreadGroup: Starting thread group... number=1 threads=1 ramp-up=1 delayedStart=false
2020-03-04 13:37:19,755 INFO o.a.j.t.ThreadGroup: Started thread group number 1
2020-03-04 13:37:19,755 INFO o.a.j.e.StandardJMeterEngine: All thread groups have been started
2020-03-04 13:37:19,755 INFO o.a.j.t.JMeterThread: Thread started: Thread Group 1-1
2020-03-04 13:37:20,109 INFO o.a.j.t.JMeterThread: Thread is done: Thread Group 1-1
2020-03-04 13:37:20,110 INFO o.a.j.t.JMeterThread: Thread finished: Thread Group 1-1
2020-03-04 13:37:20,111 INFO o.a.j.e.StandardJMeterEngine: Notifying test listeners of end of test
2020-03-04 13:37:20,111 INFO o.a.j.g.u.JMeterMenuBar: setRunning(false, *local*)
2020-03-04 13:37:24,703 INFO o.a.j.e.StandardJMeterEngine: Running the test!
2020-03-04 13:37:24,704 INFO o.a.j.s.SampleEvent: List of sample_variables: []
2020-03-04 13:37:24,705 INFO o.a.j.g.u.JMeterMenuBar: setRunning(true, *local*)
2020-03-04 13:37:24,844 INFO o.a.j.e.StandardJMeterEngine: Starting ThreadGroup: 1 : Thread Group
2020-03-04 13:37:24,844 INFO o.a.j.e.StandardJMeterEngine: Starting 1 threads for group Thread Group.
2020-03-04 13:37:24,844 INFO o.a.j.e.StandardJMeterEngine: Thread will continue on error
2020-03-04 13:37:24,844 INFO o.a.j.t.ThreadGroup: Starting thread group... number=1 threads=1 ramp-up=1 delayedStart=false
2020-03-04 13:37:24,844 INFO o.a.j.t.ThreadGroup: Started thread group number 1
2020-03-04 13:37:24,844 INFO o.a.j.e.StandardJMeterEngine: All thread groups have been started
2020-03-04 13:37:24,845 INFO o.a.j.t.JMeterThread: Thread started: Thread Group 1-1
2020-03-04 13:37:25,187 INFO o.a.j.t.JMeterThread: Thread is done: Thread Group 1-1
2020-03-04 13:37:25,187 INFO o.a.j.t.JMeterThread: Thread finished: Thread Group 1-1
2020-03-04 13:37:25,187 INFO o.a.j.e.StandardJMeterEngine: Notifying test listeners of end of test
2020-03-04 13:37:25,187 INFO o.a.j.g.u.JMeterMenuBar: setRunning(false, *local*)
2020-03-04 13:37:29,193 INFO o.a.j.e.StandardJMeterEngine: Running the test!
2020-03-04 13:37:29,193 INFO o.a.j.s.SampleEvent: List of sample_variables: []
2020-03-04 13:37:29,195 INFO o.a.j.g.u.JMeterMenuBar: setRunning(true, *local*)
2020-03-04 13:37:29,312 INFO o.a.j.e.StandardJMeterEngine: Starting ThreadGroup: 1 : Thread Group
2020-03-04 13:37:29,312 INFO o.a.j.e.StandardJMeterEngine: Starting 1 threads for group Thread Group.
2020-03-04 13:37:29,312 INFO o.a.j.e.StandardJMeterEngine: Thread will continue on error
2020-03-04 13:37:29,312 INFO o.a.j.t.ThreadGroup: Starting thread group... number=1 threads=1 ramp-up=1 delayedStart=false
2020-03-04 13:37:29,312 INFO o.a.j.t.ThreadGroup: Started thread group number 1
2020-03-04 13:37:29,313 INFO o.a.j.e.StandardJMeterEngine: All thread groups have been started
2020-03-04 13:37:29,313 INFO o.a.j.t.JMeterThread: Thread started: Thread Group 1-1
2020-03-04 13:37:31,982 INFO o.a.j.t.JMeterThread: Thread is done: Thread Group 1-1
2020-03-04 13:37:31,982 INFO o.a.j.t.JMeterThread: Thread finished: Thread Group 1-1
2020-03-04 13:37:31,982 INFO o.a.j.e.StandardJMeterEngine: Notifying test listeners of end of test
2020-03-04 13:37:31,983 INFO o.a.j.g.u.JMeterMenuBar: setRunning(false, *local*)
2020-03-04 13:38:38,087 INFO o.a.j.e.StandardJMeterEngine: Running the test!
2020-03-04 13:38:38,088 INFO o.a.j.s.SampleEvent: List of sample_variables: []
2020-03-04 13:38:38,088 INFO o.a.j.g.u.JMeterMenuBar: setRunning(true, *local*)
2020-03-04 13:38:38,222 INFO o.a.j.e.StandardJMeterEngine: Starting ThreadGroup: 1 : Thread Group
2020-03-04 13:38:38,222 INFO o.a.j.e.StandardJMeterEngine: Starting 1 threads for group Thread Group.
2020-03-04 13:38:38,222 INFO o.a.j.e.StandardJMeterEngine: Thread will continue on error
2020-03-04 13:38:38,222 INFO o.a.j.t.ThreadGroup: Starting thread group... number=1 threads=1 ramp-up=1 delayedStart=false
2020-03-04 13:38:38,223 INFO o.a.j.t.ThreadGroup: Started thread group number 1
2020-03-04 13:38:38,223 INFO o.a.j.e.StandardJMeterEngine: All thread groups have been started
2020-03-04 13:38:38,223 INFO o.a.j.t.JMeterThread: Thread started: Thread Group 1-1
2020-03-04 13:38:39,437 INFO o.a.j.t.JMeterThread: Thread is done: Thread Group 1-1
2020-03-04 13:38:39,438 INFO o.a.j.t.JMeterThread: Thread finished: Thread Group 1-1
2020-03-04 13:38:39,438 INFO o.a.j.e.StandardJMeterEngine: Notifying test listeners of end of test
2020-03-04 13:38:39,438 INFO o.a.j.g.u.JMeterMenuBar: setRunning(false, *local*)
2020-03-04 13:38:48,879 INFO o.a.j.e.StandardJMeterEngine: Running the test!
2020-03-04 13:38:48,879 INFO o.a.j.s.SampleEvent: List of sample_variables: []
2020-03-04 13:38:48,879 INFO o.a.j.g.u.JMeterMenuBar: setRunning(true, *local*)
2020-03-04 13:38:48,883 INFO o.a.j.e.StandardJMeterEngine: Starting ThreadGroup: 1 : Thread Group
2020-03-04 13:38:48,883 INFO o.a.j.e.StandardJMeterEngine: Starting 1 threads for group Thread Group.
2020-03-04 13:38:48,883 INFO o.a.j.e.StandardJMeterEngine: Thread will continue on error
2020-03-04 13:38:48,883 INFO o.a.j.t.ThreadGroup: Starting thread group... number=1 threads=1 ramp-up=1 delayedStart=false
2020-03-04 13:38:48,883 INFO o.a.j.t.ThreadGroup: Started thread group number 1
2020-03-04 13:38:48,883 INFO o.a.j.e.StandardJMeterEngine: All thread groups have been started
2020-03-04 13:38:48,883 INFO o.a.j.t.JMeterThread: Thread started: Thread Group 1-1
2020-03-04 13:38:49,230 INFO o.a.j.t.JMeterThread: Thread is done: Thread Group 1-1
2020-03-04 13:38:49,231 INFO o.a.j.t.JMeterThread: Thread finished: Thread Group 1-1
2020-03-04 13:38:49,231 INFO o.a.j.e.StandardJMeterEngine: Notifying test listeners of end of test
2020-03-04 13:38:49,231 INFO o.a.j.g.u.JMeterMenuBar: setRunning(false, *local*)
2020-03-04 15:13:03,559 INFO o.a.j.e.StandardJMeterEngine: Running the test!
2020-03-04 15:13:03,559 INFO o.a.j.s.SampleEvent: List of sample_variables: []
2020-03-04 15:13:03,559 INFO o.a.j.g.u.JMeterMenuBar: setRunning(true, *local*)
2020-03-04 15:13:03,734 INFO o.a.j.e.StandardJMeterEngine: Starting ThreadGroup: 1 : Thread Group
2020-03-04 15:13:03,734 INFO o.a.j.e.StandardJMeterEngine: Starting 1 threads for group Thread Group.
2020-03-04 15:13:03,734 INFO o.a.j.e.StandardJMeterEngine: Thread will continue on error
2020-03-04 15:13:03,734 INFO o.a.j.t.ThreadGroup: Starting thread group... number=1 threads=1 ramp-up=1 delayedStart=false
2020-03-04 15:13:03,735 INFO o.a.j.t.ThreadGroup: Started thread group number 1
2020-03-04 15:13:03,735 INFO o.a.j.e.StandardJMeterEngine: All thread groups have been started
2020-03-04 15:13:03,735 INFO o.a.j.t.JMeterThread: Thread started: Thread Group 1-1
2020-03-04 15:13:04,283 ERROR o.a.j.u.XPathUtil: Type=Val=false Tol=false. org.xml.sax.SAXParseException; lineNumber: 1; columnNumber: 3; The markup in the document preceding the root element must be well-formed.
2020-03-04 15:13:04,283 WARN o.a.j.e.XPathExtractor: SAXException while processing (/html/body/div[2]/table/tbody). The markup in the document preceding the root element must be well-formed.
2020-03-04 15:13:04,425 INFO o.a.j.t.JMeterThread: Thread is done: Thread Group 1-1
2020-03-04 15:13:04,425 INFO o.a.j.t.JMeterThread: Thread finished: Thread Group 1-1
2020-03-04 15:13:04,426 INFO o.a.j.e.StandardJMeterEngine: Notifying test listeners of end of test
2020-03-04 15:13:04,426 INFO o.a.j.g.u.JMeterMenuBar: setRunning(false, *local*)
2020-03-04 15:13:19,216 INFO o.a.j.e.StandardJMeterEngine: Running the test!
2020-03-04 15:13:19,216 INFO o.a.j.s.SampleEvent: List of sample_variables: []
2020-03-04 15:13:19,216 INFO o.a.j.g.u.JMeterMenuBar: setRunning(true, *local*)
2020-03-04 15:13:19,221 INFO o.a.j.e.StandardJMeterEngine: Starting ThreadGroup: 1 : Thread Group
2020-03-04 15:13:19,221 INFO o.a.j.e.StandardJMeterEngine: Starting 1 threads for group Thread Group.
2020-03-04 15:13:19,221 INFO o.a.j.e.StandardJMeterEngine: Thread will continue on error
2020-03-04 15:13:19,221 INFO o.a.j.t.ThreadGroup: Starting thread group... number=1 threads=1 ramp-up=1 delayedStart=false
2020-03-04 15:13:19,222 INFO o.a.j.t.ThreadGroup: Started thread group number 1
2020-03-04 15:13:19,222 INFO o.a.j.e.StandardJMeterEngine: All thread groups have been started
2020-03-04 15:13:19,223 INFO o.a.j.t.JMeterThread: Thread started: Thread Group 1-1
2020-03-04 15:13:19,585 INFO o.a.j.t.JMeterThread: Thread is done: Thread Group 1-1
2020-03-04 15:13:19,585 INFO o.a.j.t.JMeterThread: Thread finished: Thread Group 1-1
2020-03-04 15:13:19,585 INFO o.a.j.e.StandardJMeterEngine: Notifying test listeners of end of test
2020-03-04 15:13:19,585 INFO o.a.j.g.u.JMeterMenuBar: setRunning(false, *local*)
2020-03-04 15:14:23,238 INFO o.a.j.e.StandardJMeterEngine: Running the test!
2020-03-04 15:14:23,240 INFO o.a.j.s.SampleEvent: List of sample_variables: []
2020-03-04 15:14:23,243 INFO o.a.j.g.u.JMeterMenuBar: setRunning(true, *local*)
2020-03-04 15:14:23,394 INFO o.a.j.e.StandardJMeterEngine: Starting ThreadGroup: 1 : Thread Group
2020-03-04 15:14:23,394 INFO o.a.j.e.StandardJMeterEngine: Starting 1 threads for group Thread Group.
2020-03-04 15:14:23,394 INFO o.a.j.e.StandardJMeterEngine: Thread will continue on error
2020-03-04 15:14:23,395 INFO o.a.j.t.ThreadGroup: Starting thread group... number=1 threads=1 ramp-up=1 delayedStart=false
2020-03-04 15:14:23,395 INFO o.a.j.t.ThreadGroup: Started thread group number 1
2020-03-04 15:14:23,395 INFO o.a.j.e.StandardJMeterEngine: All thread groups have been started
2020-03-04 15:14:23,396 INFO o.a.j.t.JMeterThread: Thread started: Thread Group 1-1
2020-03-04 15:14:23,797 INFO o.a.j.t.JMeterThread: Thread is done: Thread Group 1-1
2020-03-04 15:14:23,797 INFO o.a.j.t.JMeterThread: Thread finished: Thread Group 1-1
2020-03-04 15:14:23,798 INFO o.a.j.e.StandardJMeterEngine: Notifying test listeners of end of test
2020-03-04 15:14:23,798 INFO o.a.j.g.u.JMeterMenuBar: setRunning(false, *local*)
2020-03-04 15:15:06,439 INFO o.a.j.e.StandardJMeterEngine: Running the test!
2020-03-04 15:15:06,439 INFO o.a.j.s.SampleEvent: List of sample_variables: []
2020-03-04 15:15:06,439 INFO o.a.j.g.u.JMeterMenuBar: setRunning(true, *local*)
2020-03-04 15:15:06,567 INFO o.a.j.e.StandardJMeterEngine: Starting ThreadGroup: 1 : Thread Group
2020-03-04 15:15:06,567 INFO o.a.j.e.StandardJMeterEngine: Starting 1 threads for group Thread Group.
2020-03-04 15:15:06,567 INFO o.a.j.e.StandardJMeterEngine: Thread will continue on error
2020-03-04 15:15:06,567 INFO o.a.j.t.ThreadGroup: Starting thread group... number=1 threads=1 ramp-up=1 delayedStart=false
2020-03-04 15:15:06,567 INFO o.a.j.t.ThreadGroup: Started thread group number 1
2020-03-04 15:15:06,567 INFO o.a.j.e.StandardJMeterEngine: All thread groups have been started
2020-03-04 15:15:06,567 INFO o.a.j.t.JMeterThread: Thread started: Thread Group 1-1
2020-03-04 15:15:06,896 INFO o.a.j.t.JMeterThread: Thread is done: Thread Group 1-1
2020-03-04 15:15:06,896 INFO o.a.j.t.JMeterThread: Thread finished: Thread Group 1-1
2020-03-04 15:15:06,896 INFO o.a.j.e.StandardJMeterEngine: Notifying test listeners of end of test
2020-03-04 15:15:06,896 INFO o.a.j.g.u.JMeterMenuBar: setRunning(false, *local*)
2020-03-04 15:22:17,473 INFO o.a.j.e.StandardJMeterEngine: Running the test!
2020-03-04 15:22:17,473 INFO o.a.j.s.SampleEvent: List of sample_variables: []
2020-03-04 15:22:17,474 INFO o.a.j.g.u.JMeterMenuBar: setRunning(true, *local*)
2020-03-04 15:22:17,595 INFO o.a.j.e.StandardJMeterEngine: Starting ThreadGroup: 1 : Thread Group
2020-03-04 15:22:17,595 INFO o.a.j.e.StandardJMeterEngine: Starting 1 threads for group Thread Group.
2020-03-04 15:22:17,595 INFO o.a.j.e.StandardJMeterEngine: Thread will continue on error
2020-03-04 15:22:17,595 INFO o.a.j.t.ThreadGroup: Starting thread group... number=1 threads=1 ramp-up=1 delayedStart=false
2020-03-04 15:22:17,595 INFO o.a.j.t.ThreadGroup: Started thread group number 1
2020-03-04 15:22:17,596 INFO o.a.j.e.StandardJMeterEngine: All thread groups have been started
2020-03-04 15:22:17,596 INFO o.a.j.t.JMeterThread: Thread started: Thread Group 1-1
2020-03-04 15:22:18,128 INFO o.a.j.t.JMeterThread: Thread is done: Thread Group 1-1
2020-03-04 15:22:18,128 INFO o.a.j.t.JMeterThread: Thread finished: Thread Group 1-1
2020-03-04 15:22:18,128 INFO o.a.j.e.StandardJMeterEngine: Notifying test listeners of end of test
2020-03-04 15:22:18,128 INFO o.a.j.g.u.JMeterMenuBar: setRunning(false, *local*)
2020-03-04 15:23:02,657 INFO o.a.j.e.StandardJMeterEngine: Running the test!
2020-03-04 15:23:02,657 INFO o.a.j.s.SampleEvent: List of sample_variables: []
2020-03-04 15:23:02,657 INFO o.a.j.g.u.JMeterMenuBar: setRunning(true, *local*)
2020-03-04 15:23:02,660 INFO o.a.j.e.StandardJMeterEngine: Starting ThreadGroup: 1 : Thread Group
2020-03-04 15:23:02,661 INFO o.a.j.e.StandardJMeterEngine: Starting 1 threads for group Thread Group.
2020-03-04 15:23:02,661 INFO o.a.j.e.StandardJMeterEngine: Thread will continue on error
2020-03-04 15:23:02,661 INFO o.a.j.t.ThreadGroup: Starting thread group... number=1 threads=1 ramp-up=1 delayedStart=false
2020-03-04 15:23:02,661 INFO o.a.j.t.ThreadGroup: Started thread group number 1
2020-03-04 15:23:02,661 INFO o.a.j.e.StandardJMeterEngine: All thread groups have been started
2020-03-04 15:23:02,661 INFO o.a.j.t.JMeterThread: Thread started: Thread Group 1-1
2020-03-04 15:23:03,028 INFO o.a.j.t.JMeterThread: Thread is done: Thread Group 1-1
2020-03-04 15:23:03,029 INFO o.a.j.t.JMeterThread: Thread finished: Thread Group 1-1
2020-03-04 15:23:03,029 INFO o.a.j.e.StandardJMeterEngine: Notifying test listeners of end of test
2020-03-04 15:23:03,030 INFO o.a.j.g.u.JMeterMenuBar: setRunning(false, *local*)
2020-03-04 15:23:16,567 INFO o.a.j.e.StandardJMeterEngine: Running the test!
2020-03-04 15:23:16,567 INFO o.a.j.s.SampleEvent: List of sample_variables: []
2020-03-04 15:23:16,568 INFO o.a.j.g.u.JMeterMenuBar: setRunning(true, *local*)
2020-03-04 15:23:16,571 INFO o.a.j.e.StandardJMeterEngine: Starting ThreadGroup: 1 : Thread Group
2020-03-04 15:23:16,571 INFO o.a.j.e.StandardJMeterEngine: Starting 1 threads for group Thread Group.
2020-03-04 15:23:16,571 INFO o.a.j.e.StandardJMeterEngine: Thread will continue on error
2020-03-04 15:23:16,571 INFO o.a.j.t.ThreadGroup: Starting thread group... number=1 threads=1 ramp-up=1 delayedStart=false
2020-03-04 15:23:16,572 INFO o.a.j.t.ThreadGroup: Started thread group number 1
2020-03-04 15:23:16,572 INFO o.a.j.e.StandardJMeterEngine: All thread groups have been started
2020-03-04 15:23:16,572 INFO o.a.j.t.JMeterThread: Thread started: Thread Group 1-1
2020-03-04 15:23:16,921 INFO o.a.j.t.JMeterThread: Thread is done: Thread Group 1-1
2020-03-04 15:23:16,921 INFO o.a.j.t.JMeterThread: Thread finished: Thread Group 1-1
2020-03-04 15:23:16,921 INFO o.a.j.e.StandardJMeterEngine: Notifying test listeners of end of test
2020-03-04 15:23:16,922 INFO o.a.j.g.u.JMeterMenuBar: setRunning(false, *local*)
2020-03-04 15:23:25,311 INFO o.a.j.e.StandardJMeterEngine: Running the test!
2020-03-04 15:23:25,312 INFO o.a.j.s.SampleEvent: List of sample_variables: []
2020-03-04 15:23:25,312 INFO o.a.j.g.u.JMeterMenuBar: setRunning(true, *local*)
2020-03-04 15:23:25,315 INFO o.a.j.e.StandardJMeterEngine: Starting ThreadGroup: 1 : Thread Group
2020-03-04 15:23:25,315 INFO o.a.j.e.StandardJMeterEngine: Starting 1 threads for group Thread Group.
2020-03-04 15:23:25,315 INFO o.a.j.e.StandardJMeterEngine: Thread will continue on error
2020-03-04 15:23:25,315 INFO o.a.j.t.ThreadGroup: Starting thread group... number=1 threads=1 ramp-up=1 delayedStart=false
2020-03-04 15:23:25,315 INFO o.a.j.t.ThreadGroup: Started thread group number 1
2020-03-04 15:23:25,316 INFO o.a.j.e.StandardJMeterEngine: All thread groups have been started
2020-03-04 15:23:25,316 INFO o.a.j.t.JMeterThread: Thread started: Thread Group 1-1
2020-03-04 15:23:25,512 ERROR o.a.j.u.XPathUtil: Type=Val=false Tol=false. org.xml.sax.SAXParseException; lineNumber: 1; columnNumber: 3; The markup in the document preceding the root element must be well-formed.
2020-03-04 15:23:25,512 WARN o.a.j.e.XPathExtractor: SAXException while processing (/html/body/div[2]/table/tbody). The markup in the document preceding the root element must be well-formed.
2020-03-04 15:23:25,646 INFO o.a.j.t.JMeterThread: Thread is done: Thread Group 1-1
2020-03-04 15:23:25,647 INFO o.a.j.t.JMeterThread: Thread finished: Thread Group 1-1
2020-03-04 15:23:25,647 INFO o.a.j.e.StandardJMeterEngine: Notifying test listeners of end of test
2020-03-04 15:23:25,647 INFO o.a.j.g.u.JMeterMenuBar: setRunning(false, *local*)
2020-03-04 15:46:34,198 INFO o.a.j.e.StandardJMeterEngine: Running the test!
2020-03-04 15:46:34,198 INFO o.a.j.s.SampleEvent: List of sample_variables: []
2020-03-04 15:46:34,199 INFO o.a.j.g.u.JMeterMenuBar: setRunning(true, *local*)
2020-03-04 15:46:34,206 INFO o.a.j.e.StandardJMeterEngine: Starting ThreadGroup: 1 : Thread Group
2020-03-04 15:46:34,206 INFO o.a.j.e.StandardJMeterEngine: Starting 1 threads for group Thread Group.
2020-03-04 15:46:34,207 INFO o.a.j.e.StandardJMeterEngine: Thread will continue on error
2020-03-04 15:46:34,208 INFO o.a.j.t.ThreadGroup: Starting thread group... number=1 threads=1 ramp-up=1 delayedStart=false
2020-03-04 15:46:34,211 INFO o.a.j.t.ThreadGroup: Started thread group number 1
2020-03-04 15:46:34,211 INFO o.a.j.e.StandardJMeterEngine: All thread groups have been started
2020-03-04 15:46:34,212 INFO o.a.j.t.JMeterThread: Thread started: Thread Group 1-1
2020-03-04 15:46:34,979 INFO o.a.j.t.JMeterThread: Thread is done: Thread Group 1-1
2020-03-04 15:46:34,979 INFO o.a.j.t.JMeterThread: Thread finished: Thread Group 1-1
2020-03-04 15:46:34,980 INFO o.a.j.e.StandardJMeterEngine: Notifying test listeners of end of test
2020-03-04 15:46:34,980 INFO o.a.j.g.u.JMeterMenuBar: setRunning(false, *local*)
2020-03-04 15:47:35,272 INFO o.a.j.e.StandardJMeterEngine: Running the test!
2020-03-04 15:47:35,272 INFO o.a.j.s.SampleEvent: List of sample_variables: []
2020-03-04 15:47:35,273 INFO o.a.j.g.u.JMeterMenuBar: setRunning(true, *local*)
2020-03-04 15:47:35,277 INFO o.a.j.e.StandardJMeterEngine: Starting ThreadGroup: 1 : Thread Group
2020-03-04 15:47:35,277 INFO o.a.j.e.StandardJMeterEngine: Starting 1 threads for group Thread Group.
2020-03-04 15:47:35,277 INFO o.a.j.e.StandardJMeterEngine: Thread will continue on error
2020-03-04 15:47:35,277 INFO o.a.j.t.ThreadGroup: Starting thread group... number=1 threads=1 ramp-up=1 delayedStart=false
2020-03-04 15:47:35,277 INFO o.a.j.t.ThreadGroup: Started thread group number 1
2020-03-04 15:47:35,277 INFO o.a.j.e.StandardJMeterEngine: All thread groups have been started
2020-03-04 15:47:35,278 INFO o.a.j.t.JMeterThread: Thread started: Thread Group 1-1
2020-03-04 15:47:35,950 INFO o.a.j.t.JMeterThread: Thread is done: Thread Group 1-1
2020-03-04 15:47:35,950 INFO o.a.j.t.JMeterThread: Thread finished: Thread Group 1-1
2020-03-04 15:47:35,951 INFO o.a.j.e.StandardJMeterEngine: Notifying test listeners of end of test
2020-03-04 15:47:35,951 INFO o.a.j.g.u.JMeterMenuBar: setRunning(false, *local*)
2020-03-04 15:47:52,647 INFO o.a.j.e.StandardJMeterEngine: Running the test!
2020-03-04 15:47:52,647 INFO o.a.j.s.SampleEvent: List of sample_variables: []
2020-03-04 15:47:52,647 INFO o.a.j.g.u.JMeterMenuBar: setRunning(true, *local*)
2020-03-04 15:47:52,790 INFO o.a.j.e.StandardJMeterEngine: Starting ThreadGroup: 1 : Thread Group
2020-03-04 15:47:52,790 INFO o.a.j.e.StandardJMeterEngine: Starting 1 threads for group Thread Group.
2020-03-04 15:47:52,790 INFO o.a.j.e.StandardJMeterEngine: Thread will continue on error
2020-03-04 15:47:52,790 INFO o.a.j.t.ThreadGroup: Starting thread group... number=1 threads=1 ramp-up=1 delayedStart=false
2020-03-04 15:47:52,791 INFO o.a.j.t.ThreadGroup: Started thread group number 1
2020-03-04 15:47:52,791 INFO o.a.j.e.StandardJMeterEngine: All thread groups have been started
2020-03-04 15:47:52,792 INFO o.a.j.t.JMeterThread: Thread started: Thread Group 1-1
2020-03-04 15:47:53,115 INFO o.a.j.t.JMeterThread: Thread is done: Thread Group 1-1
2020-03-04 15:47:53,115 INFO o.a.j.t.JMeterThread: Thread finished: Thread Group 1-1
2020-03-04 15:47:53,116 INFO o.a.j.e.StandardJMeterEngine: Notifying test listeners of end of test
2020-03-04 15:47:53,116 INFO o.a.j.g.u.JMeterMenuBar: setRunning(false, *local*)
2020-03-04 15:49:54,052 INFO o.a.j.e.StandardJMeterEngine: Running the test!
2020-03-04 15:49:54,053 INFO o.a.j.s.SampleEvent: List of sample_variables: []
2020-03-04 15:49:54,053 INFO o.a.j.g.u.JMeterMenuBar: setRunning(true, *local*)
2020-03-04 15:49:54,058 INFO o.a.j.e.StandardJMeterEngine: Starting ThreadGroup: 1 : Thread Group
2020-03-04 15:49:54,058 INFO o.a.j.e.StandardJMeterEngine: Starting 1 threads for group Thread Group.
2020-03-04 15:49:54,058 INFO o.a.j.e.StandardJMeterEngine: Thread will continue on error
2020-03-04 15:49:54,058 INFO o.a.j.t.ThreadGroup: Starting thread group... number=1 threads=1 ramp-up=1 delayedStart=false
2020-03-04 15:49:54,058 INFO o.a.j.t.ThreadGroup: Started thread group number 1
2020-03-04 15:49:54,058 INFO o.a.j.e.StandardJMeterEngine: All thread groups have been started
2020-03-04 15:49:54,058 INFO o.a.j.t.JMeterThread: Thread started: Thread Group 1-1
2020-03-04 15:49:54,537 INFO o.a.j.t.JMeterThread: Thread is done: Thread Group 1-1
2020-03-04 15:49:54,537 INFO o.a.j.t.JMeterThread: Thread finished: Thread Group 1-1
2020-03-04 15:49:54,537 INFO o.a.j.e.StandardJMeterEngine: Notifying test listeners of end of test
2020-03-04 15:49:54,538 INFO o.a.j.g.u.JMeterMenuBar: setRunning(false, *local*)
2020-03-04 15:50:55,464 INFO o.a.j.e.StandardJMeterEngine: Running the test!
2020-03-04 15:50:55,464 INFO o.a.j.s.SampleEvent: List of sample_variables: []
2020-03-04 15:50:55,465 INFO o.a.j.g.u.JMeterMenuBar: setRunning(true, *local*)
2020-03-04 15:50:55,468 INFO o.a.j.e.StandardJMeterEngine: Starting ThreadGroup: 1 : Thread Group
2020-03-04 15:50:55,468 INFO o.a.j.e.StandardJMeterEngine: Starting 1 threads for group Thread Group.
2020-03-04 15:50:55,468 INFO o.a.j.e.StandardJMeterEngine: Thread will continue on error
2020-03-04 15:50:55,468 INFO o.a.j.t.ThreadGroup: Starting thread group... number=1 threads=1 ramp-up=1 delayedStart=false
2020-03-04 15:50:55,469 INFO o.a.j.t.ThreadGroup: Started thread group number 1
2020-03-04 15:50:55,469 INFO o.a.j.e.StandardJMeterEngine: All thread groups have been started
2020-03-04 15:50:55,469 INFO o.a.j.t.JMeterThread: Thread started: Thread Group 1-1
2020-03-04 15:50:56,064 INFO o.a.j.t.JMeterThread: Thread is done: Thread Group 1-1
2020-03-04 15:50:56,064 INFO o.a.j.t.JMeterThread: Thread finished: Thread Group 1-1
2020-03-04 15:50:56,065 INFO o.a.j.e.StandardJMeterEngine: Notifying test listeners of end of test
2020-03-04 15:50:56,065 INFO o.a.j.g.u.JMeterMenuBar: setRunning(false, *local*)
2020-03-04 15:53:42,464 INFO o.a.j.e.StandardJMeterEngine: Running the test!
2020-03-04 15:53:42,464 INFO o.a.j.s.SampleEvent: List of sample_variables: []
2020-03-04 15:53:42,465 INFO o.a.j.g.u.JMeterMenuBar: setRunning(true, *local*)
2020-03-04 15:53:42,469 INFO o.a.j.e.StandardJMeterEngine: Starting ThreadGroup: 1 : Thread Group
2020-03-04 15:53:42,470 INFO o.a.j.e.StandardJMeterEngine: Starting 1 threads for group Thread Group.
2020-03-04 15:53:42,470 INFO o.a.j.e.StandardJMeterEngine: Thread will continue on error
2020-03-04 15:53:42,471 INFO o.a.j.t.ThreadGroup: Starting thread group... number=1 threads=1 ramp-up=1 delayedStart=false
2020-03-04 15:53:42,471 INFO o.a.j.t.ThreadGroup: Started thread group number 1
2020-03-04 15:53:42,471 INFO o.a.j.e.StandardJMeterEngine: All thread groups have been started
2020-03-04 15:53:42,472 INFO o.a.j.t.JMeterThread: Thread started: Thread Group 1-1
2020-03-04 15:53:43,280 INFO o.a.j.t.JMeterThread: Thread is done: Thread Group 1-1
2020-03-04 15:53:43,280 INFO o.a.j.t.JMeterThread: Thread finished: Thread Group 1-1
2020-03-04 15:53:43,281 INFO o.a.j.e.StandardJMeterEngine: Notifying test listeners of end of test
2020-03-04 15:53:43,281 INFO o.a.j.g.u.JMeterMenuBar: setRunning(false, *local*)
2020-03-04 15:55:34,919 INFO o.a.j.e.StandardJMeterEngine: Running the test!
2020-03-04 15:55:34,920 INFO o.a.j.s.SampleEvent: List of sample_variables: []
2020-03-04 15:55:34,920 INFO o.a.j.g.u.JMeterMenuBar: setRunning(true, *local*)
2020-03-04 15:55:34,925 INFO o.a.j.e.StandardJMeterEngine: Starting ThreadGroup: 1 : Thread Group
2020-03-04 15:55:34,925 INFO o.a.j.e.StandardJMeterEngine: Starting 1 threads for group Thread Group.
2020-03-04 15:55:34,925 INFO o.a.j.e.StandardJMeterEngine: Thread will continue on error
2020-03-04 15:55:34,925 INFO o.a.j.t.ThreadGroup: Starting thread group... number=1 threads=1 ramp-up=1 delayedStart=false
2020-03-04 15:55:34,926 INFO o.a.j.t.ThreadGroup: Started thread group number 1
2020-03-04 15:55:34,926 INFO o.a.j.e.StandardJMeterEngine: All thread groups have been started
2020-03-04 15:55:34,927 INFO o.a.j.t.JMeterThread: Thread started: Thread Group 1-1
2020-03-04 15:55:35,346 WARN o.a.j.e.HtmlExtractor: Flight CSS Selector Extractor: Error while generating result. org.jsoup.select.Selector$SelectorParseException: Could not parse query '': unexpected token at ''
2020-03-04 15:55:35,486 INFO o.a.j.t.JMeterThread: Thread is done: Thread Group 1-1
2020-03-04 15:55:35,487 INFO o.a.j.t.JMeterThread: Thread finished: Thread Group 1-1
2020-03-04 15:55:35,487 INFO o.a.j.e.StandardJMeterEngine: Notifying test listeners of end of test
2020-03-04 15:55:35,487 INFO o.a.j.g.u.JMeterMenuBar: setRunning(false, *local*)
2020-03-04 15:56:06,359 INFO o.a.j.e.StandardJMeterEngine: Running the test!
2020-03-04 15:56:06,359 INFO o.a.j.s.SampleEvent: List of sample_variables: []
2020-03-04 15:56:06,360 INFO o.a.j.g.u.JMeterMenuBar: setRunning(true, *local*)
2020-03-04 15:56:06,492 INFO o.a.j.e.StandardJMeterEngine: Starting ThreadGroup: 1 : Thread Group
2020-03-04 15:56:06,493 INFO o.a.j.e.StandardJMeterEngine: Starting 1 threads for group Thread Group.
2020-03-04 15:56:06,493 INFO o.a.j.e.StandardJMeterEngine: Thread will continue on error
2020-03-04 15:56:06,493 INFO o.a.j.t.ThreadGroup: Starting thread group... number=1 threads=1 ramp-up=1 delayedStart=false
2020-03-04 15:56:06,493 INFO o.a.j.t.ThreadGroup: Started thread group number 1
2020-03-04 15:56:06,493 INFO o.a.j.e.StandardJMeterEngine: All thread groups have been started
2020-03-04 15:56:06,493 INFO o.a.j.t.JMeterThread: Thread started: Thread Group 1-1
2020-03-04 15:56:06,682 WARN o.a.j.e.HtmlExtractor: Flight CSS Selector Extractor: Error while generating result. org.jsoup.select.Selector$SelectorParseException: Could not parse query '': unexpected token at ''
2020-03-04 15:56:06,815 INFO o.a.j.t.JMeterThread: Thread is done: Thread Group 1-1
2020-03-04 15:56:06,815 INFO o.a.j.t.JMeterThread: Thread finished: Thread Group 1-1
2020-03-04 15:56:06,816 INFO o.a.j.e.StandardJMeterEngine: Notifying test listeners of end of test
2020-03-04 15:56:06,816 INFO o.a.j.g.u.JMeterMenuBar: setRunning(false, *local*)
2020-03-04 15:56:09,653 INFO o.a.j.e.StandardJMeterEngine: Running the test!
2020-03-04 15:56:09,653 INFO o.a.j.s.SampleEvent: List of sample_variables: []
2020-03-04 15:56:09,653 INFO o.a.j.g.u.JMeterMenuBar: setRunning(true, *local*)
2020-03-04 15:56:09,766 INFO o.a.j.e.StandardJMeterEngine: Starting ThreadGroup: 1 : Thread Group
2020-03-04 15:56:09,766 INFO o.a.j.e.StandardJMeterEngine: Starting 1 threads for group Thread Group.
2020-03-04 15:56:09,766 INFO o.a.j.e.StandardJMeterEngine: Thread will continue on error
2020-03-04 15:56:09,766 INFO o.a.j.t.ThreadGroup: Starting thread group... number=1 threads=1 ramp-up=1 delayedStart=false
2020-03-04 15:56:09,767 INFO o.a.j.t.ThreadGroup: Started thread group number 1
2020-03-04 15:56:09,767 INFO o.a.j.e.StandardJMeterEngine: All thread groups have been started
2020-03-04 15:56:09,767 INFO o.a.j.t.JMeterThread: Thread started: Thread Group 1-1
2020-03-04 15:56:09,955 WARN o.a.j.e.HtmlExtractor: Flight CSS Selector Extractor: Error while generating result. org.jsoup.select.Selector$SelectorParseException: Could not parse query '': unexpected token at ''
2020-03-04 15:56:10,090 INFO o.a.j.t.JMeterThread: Thread is done: Thread Group 1-1
2020-03-04 15:56:10,090 INFO o.a.j.t.JMeterThread: Thread finished: Thread Group 1-1
2020-03-04 15:56:10,091 INFO o.a.j.e.StandardJMeterEngine: Notifying test listeners of end of test
2020-03-04 15:56:10,091 INFO o.a.j.g.u.JMeterMenuBar: setRunning(false, *local*)
2020-03-04 16:06:34,245 INFO o.a.j.e.StandardJMeterEngine: Running the test!
2020-03-04 16:06:34,245 INFO o.a.j.s.SampleEvent: List of sample_variables: []
2020-03-04 16:06:34,246 INFO o.a.j.g.u.JMeterMenuBar: setRunning(true, *local*)
2020-03-04 16:06:34,382 INFO o.a.j.e.StandardJMeterEngine: Starting ThreadGroup: 1 : Thread Group
2020-03-04 16:06:34,382 INFO o.a.j.e.StandardJMeterEngine: Starting 1 threads for group Thread Group.
2020-03-04 16:06:34,382 INFO o.a.j.e.StandardJMeterEngine: Thread will continue on error
2020-03-04 16:06:34,382 INFO o.a.j.t.ThreadGroup: Starting thread group... number=1 threads=1 ramp-up=1 delayedStart=false
2020-03-04 16:06:34,382 INFO o.a.j.t.ThreadGroup: Started thread group number 1
2020-03-04 16:06:34,382 INFO o.a.j.e.StandardJMeterEngine: All thread groups have been started
2020-03-04 16:06:34,382 INFO o.a.j.t.JMeterThread: Thread started: Thread Group 1-1
2020-03-04 16:06:34,812 WARN o.a.j.e.HtmlExtractor: Flight CSS Selector Extractor: Error while generating result. org.jsoup.select.Selector$SelectorParseException: Could not parse query '$("input[name=flight]").val()': unexpected token at '$("input[name=flight]").val()'
2020-03-04 16:06:34,955 INFO o.a.j.t.JMeterThread: Thread is done: Thread Group 1-1
2020-03-04 16:06:34,955 INFO o.a.j.t.JMeterThread: Thread finished: Thread Group 1-1
2020-03-04 16:06:34,955 INFO o.a.j.e.StandardJMeterEngine: Notifying test listeners of end of test
2020-03-04 16:06:34,955 INFO o.a.j.g.u.JMeterMenuBar: setRunning(false, *local*)
2020-03-04 16:10:23,604 INFO o.a.j.e.StandardJMeterEngine: Running the test!
2020-03-04 16:10:23,604 INFO o.a.j.s.SampleEvent: List of sample_variables: []
2020-03-04 16:10:23,604 INFO o.a.j.g.u.JMeterMenuBar: setRunning(true, *local*)
2020-03-04 16:10:23,608 INFO o.a.j.e.StandardJMeterEngine: Starting ThreadGroup: 1 : Thread Group
2020-03-04 16:10:23,608 INFO o.a.j.e.StandardJMeterEngine: Starting 1 threads for group Thread Group.
2020-03-04 16:10:23,608 INFO o.a.j.e.StandardJMeterEngine: Thread will continue on error
2020-03-04 16:10:23,608 INFO o.a.j.t.ThreadGroup: Starting thread group... number=1 threads=1 ramp-up=1 delayedStart=false
2020-03-04 16:10:23,609 INFO o.a.j.t.ThreadGroup: Started thread group number 1
2020-03-04 16:10:23,609 INFO o.a.j.e.StandardJMeterEngine: All thread groups have been started
2020-03-04 16:10:23,609 INFO o.a.j.t.JMeterThread: Thread started: Thread Group 1-1
2020-03-04 16:10:24,124 INFO o.a.j.t.JMeterThread: Thread is done: Thread Group 1-1
2020-03-04 16:10:24,124 INFO o.a.j.t.JMeterThread: Thread finished: Thread Group 1-1
2020-03-04 16:10:24,125 INFO o.a.j.e.StandardJMeterEngine: Notifying test listeners of end of test
2020-03-04 16:10:24,125 INFO o.a.j.g.u.JMeterMenuBar: setRunning(false, *local*)
2020-03-04 16:10:31,979 INFO o.a.j.e.StandardJMeterEngine: Running the test!
2020-03-04 16:10:31,979 INFO o.a.j.s.SampleEvent: List of sample_variables: []
2020-03-04 16:10:31,980 INFO o.a.j.g.u.JMeterMenuBar: setRunning(true, *local*)
2020-03-04 16:10:31,983 INFO o.a.j.e.StandardJMeterEngine: Starting ThreadGroup: 1 : Thread Group
2020-03-04 16:10:31,983 INFO o.a.j.e.StandardJMeterEngine: Starting 1 threads for group Thread Group.
2020-03-04 16:10:31,983 INFO o.a.j.e.StandardJMeterEngine: Thread will continue on error
2020-03-04 16:10:31,983 INFO o.a.j.t.ThreadGroup: Starting thread group... number=1 threads=1 ramp-up=1 delayedStart=false
2020-03-04 16:10:31,984 INFO o.a.j.t.ThreadGroup: Started thread group number 1
2020-03-04 16:10:31,984 INFO o.a.j.e.StandardJMeterEngine: All thread groups have been started
2020-03-04 16:10:31,984 INFO o.a.j.t.JMeterThread: Thread started: Thread Group 1-1
2020-03-04 16:10:32,310 INFO o.a.j.t.JMeterThread: Thread is done: Thread Group 1-1
2020-03-04 16:10:32,311 INFO o.a.j.t.JMeterThread: Thread finished: Thread Group 1-1
2020-03-04 16:10:32,311 INFO o.a.j.e.StandardJMeterEngine: Notifying test listeners of end of test
2020-03-04 16:10:32,311 INFO o.a.j.g.u.JMeterMenuBar: setRunning(false, *local*)
2020-03-04 16:12:10,564 INFO o.a.j.e.StandardJMeterEngine: Running the test!
2020-03-04 16:12:10,564 INFO o.a.j.s.SampleEvent: List of sample_variables: []
2020-03-04 16:12:10,565 INFO o.a.j.g.u.JMeterMenuBar: setRunning(true, *local*)
2020-03-04 16:12:10,713 INFO o.a.j.e.StandardJMeterEngine: Starting ThreadGroup: 1 : Thread Group
2020-03-04 16:12:10,714 INFO o.a.j.e.StandardJMeterEngine: Starting 1 threads for group Thread Group.
2020-03-04 16:12:10,714 INFO o.a.j.e.StandardJMeterEngine: Thread will continue on error
2020-03-04 16:12:10,714 INFO o.a.j.t.ThreadGroup: Starting thread group... number=1 threads=1 ramp-up=1 delayedStart=false
2020-03-04 16:12:10,714 INFO o.a.j.t.ThreadGroup: Started thread group number 1
2020-03-04 16:12:10,714 INFO o.a.j.e.StandardJMeterEngine: All thread groups have been started
2020-03-04 16:12:10,714 INFO o.a.j.t.JMeterThread: Thread started: Thread Group 1-1
2020-03-04 16:12:11,825 INFO o.a.j.t.JMeterThread: Thread is done: Thread Group 1-1
2020-03-04 16:12:11,825 INFO o.a.j.t.JMeterThread: Thread finished: Thread Group 1-1
2020-03-04 16:12:11,826 INFO o.a.j.e.StandardJMeterEngine: Notifying test listeners of end of test
2020-03-04 16:12:11,826 INFO o.a.j.g.u.JMeterMenuBar: setRunning(false, *local*)
2020-03-04 16:12:24,164 INFO o.a.j.e.StandardJMeterEngine: Running the test!
2020-03-04 16:12:24,164 INFO o.a.j.s.SampleEvent: List of sample_variables: []
2020-03-04 16:12:24,165 INFO o.a.j.g.u.JMeterMenuBar: setRunning(true, *local*)
2020-03-04 16:12:24,168 INFO o.a.j.e.StandardJMeterEngine: Starting ThreadGroup: 1 : Thread Group
2020-03-04 16:12:24,168 INFO o.a.j.e.StandardJMeterEngine: Starting 1 threads for group Thread Group.
2020-03-04 16:12:24,168 INFO o.a.j.e.StandardJMeterEngine: Thread will continue on error
2020-03-04 16:12:24,168 INFO o.a.j.t.ThreadGroup: Starting thread group... number=1 threads=1 ramp-up=1 delayedStart=false
2020-03-04 16:12:24,168 INFO o.a.j.t.ThreadGroup: Started thread group number 1
2020-03-04 16:12:24,168 INFO o.a.j.e.StandardJMeterEngine: All thread groups have been started
2020-03-04 16:12:24,168 INFO o.a.j.t.JMeterThread: Thread started: Thread Group 1-1
2020-03-04 16:12:24,614 INFO o.a.j.t.JMeterThread: Thread is done: Thread Group 1-1
2020-03-04 16:12:24,614 INFO o.a.j.t.JMeterThread: Thread finished: Thread Group 1-1
2020-03-04 16:12:24,614 INFO o.a.j.e.StandardJMeterEngine: Notifying test listeners of end of test
2020-03-04 16:12:24,614 INFO o.a.j.g.u.JMeterMenuBar: setRunning(false, *local*)
2020-03-04 16:12:28,572 INFO o.a.j.e.StandardJMeterEngine: Running the test!
2020-03-04 16:12:28,572 INFO o.a.j.s.SampleEvent: List of sample_variables: []
2020-03-04 16:12:28,572 INFO o.a.j.g.u.JMeterMenuBar: setRunning(true, *local*)
2020-03-04 16:12:28,575 INFO o.a.j.e.StandardJMeterEngine: Starting ThreadGroup: 1 : Thread Group
2020-03-04 16:12:28,575 INFO o.a.j.e.StandardJMeterEngine: Starting 1 threads for group Thread Group.
2020-03-04 16:12:28,575 INFO o.a.j.e.StandardJMeterEngine: Thread will continue on error
2020-03-04 16:12:28,576 INFO o.a.j.t.ThreadGroup: Starting thread group... number=1 threads=1 ramp-up=1 delayedStart=false
2020-03-04 16:12:28,576 INFO o.a.j.t.ThreadGroup: Started thread group number 1
2020-03-04 16:12:28,576 INFO o.a.j.e.StandardJMeterEngine: All thread groups have been started
2020-03-04 16:12:28,576 INFO o.a.j.t.JMeterThread: Thread started: Thread Group 1-1
2020-03-04 16:12:28,892 INFO o.a.j.t.JMeterThread: Thread is done: Thread Group 1-1
2020-03-04 16:12:28,892 INFO o.a.j.t.JMeterThread: Thread finished: Thread Group 1-1
2020-03-04 16:12:28,892 INFO o.a.j.e.StandardJMeterEngine: Notifying test listeners of end of test
2020-03-04 16:12:28,893 INFO o.a.j.g.u.JMeterMenuBar: setRunning(false, *local*)
2020-03-04 16:19:55,615 INFO o.a.j.e.StandardJMeterEngine: Running the test!
2020-03-04 16:19:55,615 INFO o.a.j.s.SampleEvent: List of sample_variables: []
2020-03-04 16:19:55,616 INFO o.a.j.g.u.JMeterMenuBar: setRunning(true, *local*)
2020-03-04 16:19:55,627 INFO o.a.j.e.StandardJMeterEngine: Starting ThreadGroup: 1 : Thread Group
2020-03-04 16:19:55,627 INFO o.a.j.e.StandardJMeterEngine: Starting 1 threads for group Thread Group.
2020-03-04 16:19:55,627 INFO o.a.j.e.StandardJMeterEngine: Thread will continue on error
2020-03-04 16:19:55,627 INFO o.a.j.t.ThreadGroup: Starting thread group... number=1 threads=1 ramp-up=1 delayedStart=false
2020-03-04 16:19:55,628 INFO o.a.j.t.ThreadGroup: Started thread group number 1
2020-03-04 16:19:55,628 INFO o.a.j.e.StandardJMeterEngine: All thread groups have been started
2020-03-04 16:19:55,628 INFO o.a.j.t.JMeterThread: Thread started: Thread Group 1-1
2020-03-04 16:19:56,160 INFO o.a.j.t.JMeterThread: Thread is done: Thread Group 1-1
2020-03-04 16:19:56,160 INFO o.a.j.t.JMeterThread: Thread finished: Thread Group 1-1
2020-03-04 16:19:56,160 INFO o.a.j.e.StandardJMeterEngine: Notifying test listeners of end of test
2020-03-04 16:19:56,160 INFO o.a.j.g.u.JMeterMenuBar: setRunning(false, *local*)
2020-03-04 16:55:34,229 INFO o.a.j.e.StandardJMeterEngine: Running the test!
2020-03-04 16:55:34,229 INFO o.a.j.s.SampleEvent: List of sample_variables: []
2020-03-04 16:55:34,230 INFO o.a.j.g.u.JMeterMenuBar: setRunning(true, *local*)
2020-03-04 16:55:34,247 INFO o.a.j.e.StandardJMeterEngine: Starting ThreadGroup: 1 : Thread Group
2020-03-04 16:55:34,247 INFO o.a.j.e.StandardJMeterEngine: Starting 1 threads for group Thread Group.
2020-03-04 16:55:34,248 INFO o.a.j.e.StandardJMeterEngine: Thread will continue on error
2020-03-04 16:55:34,248 INFO o.a.j.t.ThreadGroup: Starting thread group... number=1 threads=1 ramp-up=1 delayedStart=false
2020-03-04 16:55:34,249 INFO o.a.j.t.ThreadGroup: Started thread group number 1
2020-03-04 16:55:34,249 INFO o.a.j.e.StandardJMeterEngine: All thread groups have been started
2020-03-04 16:55:34,250 INFO o.a.j.t.JMeterThread: Thread started: Thread Group 1-1
2020-03-04 16:55:34,250 INFO o.a.j.s.FileServer: Stored: C:/Users/user/Documents/Обучение JMeter/purchase-data.csv
2020-03-04 16:55:34,852 INFO o.a.j.t.JMeterThread: Thread is done: Thread Group 1-1
2020-03-04 16:55:34,852 INFO o.a.j.t.JMeterThread: Thread finished: Thread Group 1-1
2020-03-04 16:55:34,852 INFO o.a.j.e.StandardJMeterEngine: Notifying test listeners of end of test
2020-03-04 16:55:34,852 INFO o.a.j.s.FileServer: Close: C:/Users/user/Documents/Обучение JMeter/purchase-data.csv
2020-03-04 16:55:34,853 INFO o.a.j.g.u.JMeterMenuBar: setRunning(false, *local*)
2020-03-04 16:58:00,954 INFO o.a.j.e.StandardJMeterEngine: Running the test!
2020-03-04 16:58:00,954 INFO o.a.j.s.SampleEvent: List of sample_variables: []
2020-03-04 16:58:00,955 INFO o.a.j.g.u.JMeterMenuBar: setRunning(true, *local*)
2020-03-04 16:58:00,959 INFO o.a.j.e.StandardJMeterEngine: Starting ThreadGroup: 1 : Thread Group
2020-03-04 16:58:00,960 INFO o.a.j.e.StandardJMeterEngine: Starting 1 threads for group Thread Group.
2020-03-04 16:58:00,960 INFO o.a.j.e.StandardJMeterEngine: Thread will continue on error
2020-03-04 16:58:00,960 INFO o.a.j.t.ThreadGroup: Starting thread group... number=1 threads=1 ramp-up=1 delayedStart=false
2020-03-04 16:58:00,960 INFO o.a.j.t.ThreadGroup: Started thread group number 1
2020-03-04 16:58:00,960 INFO o.a.j.e.StandardJMeterEngine: All thread groups have been started
2020-03-04 16:58:00,960 INFO o.a.j.t.JMeterThread: Thread started: Thread Group 1-1
2020-03-04 16:58:00,961 INFO o.a.j.s.FileServer: Stored: C:/Users/user/Documents/Обучение JMeter/purchase-data.csv
2020-03-04 16:58:01,751 INFO o.a.j.t.JMeterThread: Thread is done: Thread Group 1-1
2020-03-04 16:58:01,751 INFO o.a.j.t.JMeterThread: Thread finished: Thread Group 1-1
2020-03-04 16:58:01,752 INFO o.a.j.e.StandardJMeterEngine: Notifying test listeners of end of test
2020-03-04 16:58:01,752 INFO o.a.j.s.FileServer: Close: C:/Users/user/Documents/Обучение JMeter/purchase-data.csv
2020-03-04 16:58:01,753 INFO o.a.j.g.u.JMeterMenuBar: setRunning(false, *local*)
2020-03-04 17:02:19,278 INFO o.a.j.e.StandardJMeterEngine: Running the test!
2020-03-04 17:02:19,278 INFO o.a.j.s.SampleEvent: List of sample_variables: []
2020-03-04 17:02:19,279 INFO o.a.j.g.u.JMeterMenuBar: setRunning(true, *local*)
2020-03-04 17:02:19,287 INFO o.a.j.e.StandardJMeterEngine: Starting ThreadGroup: 1 : Thread Group
2020-03-04 17:02:19,287 INFO o.a.j.e.StandardJMeterEngine: Starting 1 threads for group Thread Group.
2020-03-04 17:02:19,287 INFO o.a.j.e.StandardJMeterEngine: Thread will continue on error
2020-03-04 17:02:19,287 INFO o.a.j.t.ThreadGroup: Starting thread group... number=1 threads=1 ramp-up=1 delayedStart=false
2020-03-04 17:02:19,287 INFO o.a.j.t.ThreadGroup: Started thread group number 1
2020-03-04 17:02:19,287 INFO o.a.j.e.StandardJMeterEngine: All thread groups have been started
2020-03-04 17:02:19,288 INFO o.a.j.t.JMeterThread: Thread started: Thread Group 1-1
2020-03-04 17:02:19,288 INFO o.a.j.s.FileServer: Stored: C:/Users/user/Documents/Обучение JMeter/purchase-data.csv
2020-03-04 17:02:20,872 INFO o.a.j.t.JMeterThread: Thread is done: Thread Group 1-1
2020-03-04 17:02:20,872 INFO o.a.j.t.JMeterThread: Thread finished: Thread Group 1-1
2020-03-04 17:02:20,873 INFO o.a.j.e.StandardJMeterEngine: Notifying test listeners of end of test
2020-03-04 17:02:20,873 INFO o.a.j.s.FileServer: Close: C:/Users/user/Documents/Обучение JMeter/purchase-data.csv
2020-03-04 17:02:20,873 INFO o.a.j.g.u.JMeterMenuBar: setRunning(false, *local*)
2020-03-04 17:03:03,859 INFO o.a.j.e.StandardJMeterEngine: Running the test!
2020-03-04 17:03:03,859 INFO o.a.j.s.SampleEvent: List of sample_variables: []
2020-03-04 17:03:03,859 INFO o.a.j.g.u.JMeterMenuBar: setRunning(true, *local*)
2020-03-04 17:03:04,003 INFO o.a.j.e.StandardJMeterEngine: Starting ThreadGroup: 1 : Thread Group
2020-03-04 17:03:04,003 INFO o.a.j.e.StandardJMeterEngine: Starting 1 threads for group Thread Group.
2020-03-04 17:03:04,003 INFO o.a.j.e.StandardJMeterEngine: Thread will continue on error
2020-03-04 17:03:04,003 INFO o.a.j.t.ThreadGroup: Starting thread group... number=1 threads=1 ramp-up=1 delayedStart=false
2020-03-04 17:03:04,003 INFO o.a.j.t.ThreadGroup: Started thread group number 1
2020-03-04 17:03:04,003 INFO o.a.j.e.StandardJMeterEngine: All thread groups have been started
2020-03-04 17:03:04,004 INFO o.a.j.t.JMeterThread: Thread started: Thread Group 1-1
2020-03-04 17:03:04,004 INFO o.a.j.s.FileServer: Stored: C:/Users/user/Documents/Обучение JMeter/purchase-data.csv
2020-03-04 17:03:04,324 INFO o.a.j.t.JMeterThread: Thread is done: Thread Group 1-1
2020-03-04 17:03:04,324 INFO o.a.j.t.JMeterThread: Thread finished: Thread Group 1-1
2020-03-04 17:03:04,325 INFO o.a.j.e.StandardJMeterEngine: Notifying test listeners of end of test
2020-03-04 17:03:04,325 INFO o.a.j.s.FileServer: Close: C:/Users/user/Documents/Обучение JMeter/purchase-data.csv
2020-03-04 17:03:04,325 INFO o.a.j.g.u.JMeterMenuBar: setRunning(false, *local*)
2020-03-04 17:03:50,802 INFO o.a.j.e.StandardJMeterEngine: Running the test!
2020-03-04 17:03:50,802 INFO o.a.j.s.SampleEvent: List of sample_variables: []
2020-03-04 17:03:50,803 INFO o.a.j.g.u.JMeterMenuBar: setRunning(true, *local*)
2020-03-04 17:03:50,807 INFO o.a.j.e.StandardJMeterEngine: Starting ThreadGroup: 1 : Thread Group
2020-03-04 17:03:50,807 INFO o.a.j.e.StandardJMeterEngine: Starting 1 threads for group Thread Group.
2020-03-04 17:03:50,807 INFO o.a.j.e.StandardJMeterEngine: Thread will continue on error
2020-03-04 17:03:50,807 INFO o.a.j.t.ThreadGroup: Starting thread group... number=1 threads=1 ramp-up=1 delayedStart=false
2020-03-04 17:03:50,808 INFO o.a.j.t.ThreadGroup: Started thread group number 1
2020-03-04 17:03:50,808 INFO o.a.j.e.StandardJMeterEngine: All thread groups have been started
2020-03-04 17:03:50,808 INFO o.a.j.t.JMeterThread: Thread started: Thread Group 1-1
2020-03-04 17:03:50,808 INFO o.a.j.s.FileServer: Stored: C:/Users/user/Documents/Обучение JMeter/purchase-data.csv
2020-03-04 17:03:51,615 INFO o.a.j.t.JMeterThread: Thread is done: Thread Group 1-1
2020-03-04 17:03:51,615 INFO o.a.j.t.JMeterThread: Thread finished: Thread Group 1-1
2020-03-04 17:03:51,615 INFO o.a.j.e.StandardJMeterEngine: Notifying test listeners of end of test
2020-03-04 17:03:51,616 INFO o.a.j.s.FileServer: Close: C:/Users/user/Documents/Обучение JMeter/purchase-data.csv
2020-03-04 17:03:51,616 INFO o.a.j.g.u.JMeterMenuBar: setRunning(false, *local*)
2020-03-04 17:04:05,715 INFO o.a.j.e.StandardJMeterEngine: Running the test!
2020-03-04 17:04:05,716 INFO o.a.j.s.SampleEvent: List of sample_variables: []
2020-03-04 17:04:05,716 INFO o.a.j.g.u.JMeterMenuBar: setRunning(true, *local*)
2020-03-04 17:04:05,720 INFO o.a.j.e.StandardJMeterEngine: Starting ThreadGroup: 1 : Thread Group
2020-03-04 17:04:05,720 INFO o.a.j.e.StandardJMeterEngine: Starting 1 threads for group Thread Group.
2020-03-04 17:04:05,720 INFO o.a.j.e.StandardJMeterEngine: Thread will continue on error
2020-03-04 17:04:05,720 INFO o.a.j.t.ThreadGroup: Starting thread group... number=1 threads=1 ramp-up=1 delayedStart=false
2020-03-04 17:04:05,721 INFO o.a.j.t.ThreadGroup: Started thread group number 1
2020-03-04 17:04:05,721 INFO o.a.j.e.StandardJMeterEngine: All thread groups have been started
2020-03-04 17:04:05,721 INFO o.a.j.t.JMeterThread: Thread started: Thread Group 1-1
2020-03-04 17:04:05,721 INFO o.a.j.s.FileServer: Stored: C:/Users/user/Documents/Обучение JMeter/purchase-data.csv
2020-03-04 17:04:06,068 INFO o.a.j.t.JMeterThread: Thread is done: Thread Group 1-1
2020-03-04 17:04:06,068 INFO o.a.j.t.JMeterThread: Thread finished: Thread Group 1-1
2020-03-04 17:04:06,068 INFO o.a.j.e.StandardJMeterEngine: Notifying test listeners of end of test
2020-03-04 17:04:06,068 INFO o.a.j.s.FileServer: Close: C:/Users/user/Documents/Обучение JMeter/purchase-data.csv
2020-03-04 17:04:06,068 INFO o.a.j.g.u.JMeterMenuBar: setRunning(false, *local*)
2020-03-04 17:04:21,628 INFO o.a.j.e.StandardJMeterEngine: Running the test!
2020-03-04 17:04:21,628 INFO o.a.j.s.SampleEvent: List of sample_variables: []
2020-03-04 17:04:21,628 INFO o.a.j.g.u.JMeterMenuBar: setRunning(true, *local*)
2020-03-04 17:04:21,753 INFO o.a.j.e.StandardJMeterEngine: Starting ThreadGroup: 1 : Thread Group
2020-03-04 17:04:21,753 INFO o.a.j.e.StandardJMeterEngine: Starting 1 threads for group Thread Group.
2020-03-04 17:04:21,753 INFO o.a.j.e.StandardJMeterEngine: Thread will continue on error
2020-03-04 17:04:21,753 INFO o.a.j.t.ThreadGroup: Starting thread group... number=1 threads=1 ramp-up=1 delayedStart=false
2020-03-04 17:04:21,753 INFO o.a.j.t.ThreadGroup: Started thread group number 1
2020-03-04 17:04:21,753 INFO o.a.j.e.StandardJMeterEngine: All thread groups have been started
2020-03-04 17:04:21,754 INFO o.a.j.t.JMeterThread: Thread started: Thread Group 1-1
2020-03-04 17:04:21,754 INFO o.a.j.s.FileServer: Stored: C:/Users/user/Documents/Обучение JMeter/purchase-data.csv
2020-03-04 17:04:22,098 INFO o.a.j.t.JMeterThread: Thread is done: Thread Group 1-1
2020-03-04 17:04:22,098 INFO o.a.j.t.JMeterThread: Thread finished: Thread Group 1-1
2020-03-04 17:04:22,098 INFO o.a.j.e.StandardJMeterEngine: Notifying test listeners of end of test
2020-03-04 17:04:22,098 INFO o.a.j.s.FileServer: Close: C:/Users/user/Documents/Обучение JMeter/purchase-data.csv
2020-03-04 17:04:22,099 INFO o.a.j.g.u.JMeterMenuBar: setRunning(false, *local*)
2020-03-04 17:04:57,866 INFO o.a.j.e.StandardJMeterEngine: Running the test!
2020-03-04 17:04:57,866 INFO o.a.j.s.SampleEvent: List of sample_variables: []
2020-03-04 17:04:57,867 INFO o.a.j.g.u.JMeterMenuBar: setRunning(true, *local*)
2020-03-04 17:04:57,872 INFO o.a.j.e.StandardJMeterEngine: Starting ThreadGroup: 1 : Thread Group
2020-03-04 17:04:57,872 INFO o.a.j.e.StandardJMeterEngine: Starting 1 threads for group Thread Group.
2020-03-04 17:04:57,872 INFO o.a.j.e.StandardJMeterEngine: Thread will continue on error
2020-03-04 17:04:57,872 INFO o.a.j.t.ThreadGroup: Starting thread group... number=1 threads=1 ramp-up=1 delayedStart=false
2020-03-04 17:04:57,872 INFO o.a.j.t.ThreadGroup: Started thread group number 1
2020-03-04 17:04:57,872 INFO o.a.j.e.StandardJMeterEngine: All thread groups have been started
2020-03-04 17:04:57,873 INFO o.a.j.t.JMeterThread: Thread started: Thread Group 1-1
2020-03-04 17:04:57,873 INFO o.a.j.s.FileServer: Stored: C:/Users/user/Documents/Обучение JMeter/purchase-data.csv
2020-03-04 17:04:58,643 INFO o.a.j.t.JMeterThread: Thread is done: Thread Group 1-1
2020-03-04 17:04:58,644 INFO o.a.j.t.JMeterThread: Thread finished: Thread Group 1-1
2020-03-04 17:04:58,644 INFO o.a.j.e.StandardJMeterEngine: Notifying test listeners of end of test
2020-03-04 17:04:58,645 INFO o.a.j.s.FileServer: Close: C:/Users/user/Documents/Обучение JMeter/purchase-data.csv
2020-03-04 17:04:58,647 INFO o.a.j.g.u.JMeterMenuBar: setRunning(false, *local*)
2020-03-04 17:06:01,206 INFO o.a.j.e.StandardJMeterEngine: Running the test!
2020-03-04 17:06:01,206 INFO o.a.j.s.SampleEvent: List of sample_variables: []
2020-03-04 17:06:01,206 INFO o.a.j.g.u.JMeterMenuBar: setRunning(true, *local*)
2020-03-04 17:06:01,211 INFO o.a.j.e.StandardJMeterEngine: Starting ThreadGroup: 1 : Thread Group
2020-03-04 17:06:01,211 INFO o.a.j.e.StandardJMeterEngine: Starting 1 threads for group Thread Group.
2020-03-04 17:06:01,211 INFO o.a.j.e.StandardJMeterEngine: Thread will continue on error
2020-03-04 17:06:01,211 INFO o.a.j.t.ThreadGroup: Starting thread group... number=1 threads=1 ramp-up=1 delayedStart=false
2020-03-04 17:06:01,211 INFO o.a.j.t.ThreadGroup: Started thread group number 1
2020-03-04 17:06:01,211 INFO o.a.j.e.StandardJMeterEngine: All thread groups have been started
2020-03-04 17:06:01,212 INFO o.a.j.t.JMeterThread: Thread started: Thread Group 1-1
2020-03-04 17:06:01,212 INFO o.a.j.s.FileServer: Stored: C:/Users/user/Documents/Обучение JMeter/purchase-data.csv
2020-03-04 17:06:02,204 INFO o.a.j.t.JMeterThread: Thread is done: Thread Group 1-1
2020-03-04 17:06:02,204 INFO o.a.j.t.JMeterThread: Thread finished: Thread Group 1-1
2020-03-04 17:06:02,204 INFO o.a.j.e.StandardJMeterEngine: Notifying test listeners of end of test
2020-03-04 17:06:02,204 INFO o.a.j.s.FileServer: Close: C:/Users/user/Documents/Обучение JMeter/purchase-data.csv
2020-03-04 17:06:02,205 INFO o.a.j.g.u.JMeterMenuBar: setRunning(false, *local*)
2020-03-04 17:07:02,669 INFO o.a.j.e.StandardJMeterEngine: Running the test!
2020-03-04 17:07:02,669 INFO o.a.j.s.SampleEvent: List of sample_variables: []
2020-03-04 17:07:02,670 INFO o.a.j.g.u.JMeterMenuBar: setRunning(true, *local*)
2020-03-04 17:07:02,673 INFO o.a.j.e.StandardJMeterEngine: Starting ThreadGroup: 1 : Thread Group
2020-03-04 17:07:02,673 INFO o.a.j.e.StandardJMeterEngine: Starting 1 threads for group Thread Group.
2020-03-04 17:07:02,673 INFO o.a.j.e.StandardJMeterEngine: Thread will continue on error
2020-03-04 17:07:02,673 INFO o.a.j.t.ThreadGroup: Starting thread group... number=1 threads=1 ramp-up=1 delayedStart=false
2020-03-04 17:07:02,674 INFO o.a.j.t.ThreadGroup: Started thread group number 1
2020-03-04 17:07:02,674 INFO o.a.j.e.StandardJMeterEngine: All thread groups have been started
2020-03-04 17:07:02,674 INFO o.a.j.t.JMeterThread: Thread started: Thread Group 1-1
2020-03-04 17:07:02,674 INFO o.a.j.s.FileServer: Stored: C:/Users/user/Documents/Обучение JMeter/purchase-data.csv
2020-03-04 17:07:03,297 INFO o.a.j.t.JMeterThread: Thread is done: Thread Group 1-1
2020-03-04 17:07:03,297 INFO o.a.j.t.JMeterThread: Thread finished: Thread Group 1-1
2020-03-04 17:07:03,298 INFO o.a.j.e.StandardJMeterEngine: Notifying test listeners of end of test
2020-03-04 17:07:03,298 INFO o.a.j.s.FileServer: Close: C:/Users/user/Documents/Обучение JMeter/purchase-data.csv
2020-03-04 17:07:03,299 INFO o.a.j.g.u.JMeterMenuBar: setRunning(false, *local*)
2020-03-04 17:07:34,611 INFO o.a.j.e.StandardJMeterEngine: Running the test!
2020-03-04 17:07:34,611 INFO o.a.j.s.SampleEvent: List of sample_variables: []
2020-03-04 17:07:34,611 INFO o.a.j.g.u.JMeterMenuBar: setRunning(true, *local*)
2020-03-04 17:07:34,615 INFO o.a.j.e.StandardJMeterEngine: Starting ThreadGroup: 1 : Thread Group
2020-03-04 17:07:34,615 INFO o.a.j.e.StandardJMeterEngine: Starting 1 threads for group Thread Group.
2020-03-04 17:07:34,615 INFO o.a.j.e.StandardJMeterEngine: Thread will continue on error
2020-03-04 17:07:34,615 INFO o.a.j.t.ThreadGroup: Starting thread group... number=1 threads=1 ramp-up=1 delayedStart=false
2020-03-04 17:07:34,615 INFO o.a.j.t.ThreadGroup: Started thread group number 1
2020-03-04 17:07:34,615 INFO o.a.j.e.StandardJMeterEngine: All thread groups have been started
2020-03-04 17:07:34,616 INFO o.a.j.t.JMeterThread: Thread started: Thread Group 1-1
2020-03-04 17:07:34,616 INFO o.a.j.s.FileServer: Stored: C:/Users/user/Documents/Обучение JMeter/purchase-data.csv
2020-03-04 17:07:35,048 INFO o.a.j.t.JMeterThread: Thread is done: Thread Group 1-1
2020-03-04 17:07:35,048 INFO o.a.j.t.JMeterThread: Thread finished: Thread Group 1-1
2020-03-04 17:07:35,048 INFO o.a.j.e.StandardJMeterEngine: Notifying test listeners of end of test
2020-03-04 17:07:35,048 INFO o.a.j.s.FileServer: Close: C:/Users/user/Documents/Обучение JMeter/purchase-data.csv
2020-03-04 17:07:35,049 INFO o.a.j.g.u.JMeterMenuBar: setRunning(false, *local*)
2020-03-04 17:08:10,677 INFO o.a.j.e.StandardJMeterEngine: Running the test!
2020-03-04 17:08:10,677 INFO o.a.j.s.SampleEvent: List of sample_variables: []
2020-03-04 17:08:10,678 INFO o.a.j.g.u.JMeterMenuBar: setRunning(true, *local*)
2020-03-04 17:08:10,681 INFO o.a.j.e.StandardJMeterEngine: Starting ThreadGroup: 1 : Thread Group
2020-03-04 17:08:10,681 INFO o.a.j.e.StandardJMeterEngine: Starting 1 threads for group Thread Group.
2020-03-04 17:08:10,681 INFO o.a.j.e.StandardJMeterEngine: Thread will continue on error
2020-03-04 17:08:10,681 INFO o.a.j.t.ThreadGroup: Starting thread group... number=1 threads=1 ramp-up=1 delayedStart=false
2020-03-04 17:08:10,681 INFO o.a.j.t.ThreadGroup: Started thread group number 1
2020-03-04 17:08:10,681 INFO o.a.j.e.StandardJMeterEngine: All thread groups have been started
2020-03-04 17:08:10,682 INFO o.a.j.t.JMeterThread: Thread started: Thread Group 1-1
2020-03-04 17:08:10,682 INFO o.a.j.s.FileServer: Stored: C:/Users/user/Documents/Обучение JMeter/purchase-data.csv
2020-03-04 17:08:11,222 INFO o.a.j.t.JMeterThread: Thread is done: Thread Group 1-1
2020-03-04 17:08:11,222 INFO o.a.j.t.JMeterThread: Thread finished: Thread Group 1-1
2020-03-04 17:08:11,223 INFO o.a.j.e.StandardJMeterEngine: Notifying test listeners of end of test
2020-03-04 17:08:11,223 INFO o.a.j.s.FileServer: Close: C:/Users/user/Documents/Обучение JMeter/purchase-data.csv
2020-03-04 17:08:11,223 INFO o.a.j.g.u.JMeterMenuBar: setRunning(false, *local*)
2020-03-04 17:08:34,690 INFO o.a.j.e.StandardJMeterEngine: Running the test!
2020-03-04 17:08:34,690 INFO o.a.j.s.SampleEvent: List of sample_variables: []
2020-03-04 17:08:34,690 INFO o.a.j.g.u.JMeterMenuBar: setRunning(true, *local*)
2020-03-04 17:08:34,815 INFO o.a.j.e.StandardJMeterEngine: Starting ThreadGroup: 1 : Thread Group
2020-03-04 17:08:34,815 INFO o.a.j.e.StandardJMeterEngine: Starting 1 threads for group Thread Group.
2020-03-04 17:08:34,815 INFO o.a.j.e.StandardJMeterEngine: Thread will continue on error
2020-03-04 17:08:34,815 INFO o.a.j.t.ThreadGroup: Starting thread group... number=1 threads=1 ramp-up=1 delayedStart=false
2020-03-04 17:08:34,815 INFO o.a.j.t.ThreadGroup: Started thread group number 1
2020-03-04 17:08:34,815 INFO o.a.j.e.StandardJMeterEngine: All thread groups have been started
2020-03-04 17:08:34,816 INFO o.a.j.t.JMeterThread: Thread started: Thread Group 1-1
2020-03-04 17:08:34,816 INFO o.a.j.s.FileServer: Stored: C:/Users/user/Documents/Обучение JMeter/purchase-data.csv
2020-03-04 17:08:35,134 INFO o.a.j.t.JMeterThread: Thread is done: Thread Group 1-1
2020-03-04 17:08:35,134 INFO o.a.j.t.JMeterThread: Thread finished: Thread Group 1-1
2020-03-04 17:08:35,134 INFO o.a.j.e.StandardJMeterEngine: Notifying test listeners of end of test
2020-03-04 17:08:35,134 INFO o.a.j.s.FileServer: Close: C:/Users/user/Documents/Обучение JMeter/purchase-data.csv
2020-03-04 17:08:35,134 INFO o.a.j.g.u.JMeterMenuBar: setRunning(false, *local*)
2020-03-04 17:10:48,107 INFO o.a.j.e.StandardJMeterEngine: Running the test!
2020-03-04 17:10:48,108 INFO o.a.j.s.SampleEvent: List of sample_variables: []
2020-03-04 17:10:48,108 INFO o.a.j.g.u.JMeterMenuBar: setRunning(true, *local*)
2020-03-04 17:10:48,114 INFO o.a.j.e.StandardJMeterEngine: Starting ThreadGroup: 1 : Thread Group
2020-03-04 17:10:48,115 INFO o.a.j.e.StandardJMeterEngine: Starting 1 threads for group Thread Group.
2020-03-04 17:10:48,115 INFO o.a.j.e.StandardJMeterEngine: Thread will continue on error
2020-03-04 17:10:48,115 INFO o.a.j.t.ThreadGroup: Starting thread group... number=1 threads=1 ramp-up=1 delayedStart=false
2020-03-04 17:10:48,115 INFO o.a.j.t.ThreadGroup: Started thread group number 1
2020-03-04 17:10:48,115 INFO o.a.j.e.StandardJMeterEngine: All thread groups have been started
2020-03-04 17:10:48,116 INFO o.a.j.t.JMeterThread: Thread started: Thread Group 1-1
2020-03-04 17:10:48,116 INFO o.a.j.s.FileServer: Stored: C:/Users/user/Documents/Обучение JMeter/purchase-data.csv
2020-03-04 17:10:48,606 INFO o.a.j.t.JMeterThread: Thread is done: Thread Group 1-1
2020-03-04 17:10:48,606 INFO o.a.j.t.JMeterThread: Thread finished: Thread Group 1-1
2020-03-04 17:10:48,607 INFO o.a.j.e.StandardJMeterEngine: Notifying test listeners of end of test
2020-03-04 17:10:48,607 INFO o.a.j.s.FileServer: Close: C:/Users/user/Documents/Обучение JMeter/purchase-data.csv
2020-03-04 17:10:48,608 INFO o.a.j.g.u.JMeterMenuBar: setRunning(false, *local*)
